#! /usr/bin/vvp
:ivl_version "10.3 (stable)";
:ivl_delay_selection "TYPICAL";
:vpi_time_precision - 9;
:vpi_module "system";
:vpi_module "vhdl_sys";
:vpi_module "v2005_math";
:vpi_module "va_math";
S_0x56516640ee80 .scope module, "FULL_TEST_R" "FULL_TEST_R" 2 489;
 .timescale -9 -9;
v0x565166466f20_0 .net "a", 3 0, v0x5651664667b0_0;  1 drivers
v0x565166467000_0 .net "b", 3 0, v0x5651664668e0_0;  1 drivers
v0x565166467110_0 .net "cin", 0 0, v0x5651664669a0_0;  1 drivers
v0x565166467240_0 .var "clk", 0 0;
v0x5651664672e0_0 .net "cout1", 0 0, L_0x56516647ec70;  1 drivers
v0x5651664673d0_0 .net "cout2", 0 0, v0x565166466c00_0;  1 drivers
v0x565166467470_0 .net "d", 3 0, L_0x56516647eeb0;  1 drivers
v0x565166467560_0 .net "exact_sum", 3 0, v0x565166466ca0_0;  1 drivers
v0x565166467600_0 .net "s", 1 0, v0x565166466d80_0;  1 drivers
L_0x56516647f580 .concat [ 4 1 0 0], v0x565166466ca0_0, v0x565166466c00_0;
L_0x56516647f620 .concat [ 4 1 0 0], L_0x56516647eeb0, L_0x56516647ec70;
S_0x5651664271e0 .scope module, "ANLZ" "ANALYZER" 2 514, 2 461 0, S_0x56516640ee80;
 .timescale -9 -9;
    .port_info 0 /INPUT 5 "exact_sum"
    .port_info 1 /INPUT 5 "prob_sum"
    .port_info 2 /INPUT 1 "clk"
v0x56516642ca00_0 .net "clk", 0 0, v0x565166467240_0;  1 drivers
v0x56516645b9e0_0 .net "exact_sum", 4 0, L_0x56516647f580;  1 drivers
v0x56516645bac0_0 .net "prob_sum", 4 0, L_0x56516647f620;  1 drivers
E_0x5651663e2c40 .event negedge, v0x56516642ca00_0;
S_0x56516645bc00 .scope module, "DUMMY" "SYSTEM" 2 513, 2 210 0, S_0x56516640ee80;
 .timescale -9 -9;
    .port_info 0 /OUTPUT 4 "d"
    .port_info 1 /OUTPUT 1 "cout"
    .port_info 2 /INPUT 4 "a"
    .port_info 3 /INPUT 4 "b"
    .port_info 4 /INPUT 2 "s"
    .port_info 5 /INPUT 1 "cin"
L_0x565166475df0 .functor NOT 1, L_0x565166476290, C4<0>, C4<0>, C4<0>;
L_0x565166477d20 .functor NOT 1, L_0x5651664781f0, C4<0>, C4<0>, C4<0>;
L_0x565166479c80 .functor NOT 1, L_0x56516647a120, C4<0>, C4<0>, C4<0>;
L_0x56516647bb50 .functor NOT 1, L_0x56516647c280, C4<0>, C4<0>, C4<0>;
L_0x7fc07d6a5060 .functor BUFT 1, C4<1>, C4<0>, C4<0>, C4<0>;
v0x565166464d20_0 .net/2u *"_s10", 0 0, L_0x7fc07d6a5060;  1 drivers
v0x565166464e00_0 .net *"_s17", 0 0, L_0x565166478120;  1 drivers
v0x565166464ee0_0 .net *"_s19", 0 0, L_0x5651664781f0;  1 drivers
v0x565166464fa0_0 .net *"_s20", 0 0, L_0x565166477d20;  1 drivers
L_0x7fc07d6a50a8 .functor BUFT 1, C4<0>, C4<0>, C4<0>, C4<0>;
v0x565166465080_0 .net/2u *"_s22", 0 0, L_0x7fc07d6a50a8;  1 drivers
L_0x7fc07d6a50f0 .functor BUFT 1, C4<1>, C4<0>, C4<0>, C4<0>;
v0x565166465160_0 .net/2u *"_s24", 0 0, L_0x7fc07d6a50f0;  1 drivers
v0x565166465240_0 .net *"_s3", 0 0, L_0x5651664761f0;  1 drivers
v0x565166465320_0 .net *"_s31", 0 0, L_0x56516647a080;  1 drivers
v0x565166465400_0 .net *"_s33", 0 0, L_0x56516647a120;  1 drivers
v0x5651664654e0_0 .net *"_s34", 0 0, L_0x565166479c80;  1 drivers
L_0x7fc07d6a5138 .functor BUFT 1, C4<0>, C4<0>, C4<0>, C4<0>;
v0x5651664655c0_0 .net/2u *"_s36", 0 0, L_0x7fc07d6a5138;  1 drivers
L_0x7fc07d6a5180 .functor BUFT 1, C4<1>, C4<0>, C4<0>, C4<0>;
v0x5651664656a0_0 .net/2u *"_s38", 0 0, L_0x7fc07d6a5180;  1 drivers
v0x565166465780_0 .net *"_s46", 0 0, L_0x56516647c1e0;  1 drivers
v0x565166465860_0 .net *"_s48", 0 0, L_0x56516647c280;  1 drivers
v0x565166465940_0 .net *"_s49", 0 0, L_0x56516647bb50;  1 drivers
v0x565166465a20_0 .net *"_s5", 0 0, L_0x565166476290;  1 drivers
L_0x7fc07d6a51c8 .functor BUFT 1, C4<0>, C4<0>, C4<0>, C4<0>;
v0x565166465b00_0 .net/2u *"_s51", 0 0, L_0x7fc07d6a51c8;  1 drivers
L_0x7fc07d6a5210 .functor BUFT 1, C4<1>, C4<0>, C4<0>, C4<0>;
v0x565166465cf0_0 .net/2u *"_s53", 0 0, L_0x7fc07d6a5210;  1 drivers
v0x565166465dd0_0 .net *"_s6", 0 0, L_0x565166475df0;  1 drivers
L_0x7fc07d6a5018 .functor BUFT 1, C4<0>, C4<0>, C4<0>, C4<0>;
v0x565166465eb0_0 .net/2u *"_s8", 0 0, L_0x7fc07d6a5018;  1 drivers
v0x565166465f90_0 .net "a", 3 0, v0x5651664667b0_0;  alias, 1 drivers
v0x565166466050_0 .net "b", 3 0, v0x5651664668e0_0;  alias, 1 drivers
v0x565166466110_0 .net "cin", 0 0, v0x5651664669a0_0;  alias, 1 drivers
v0x5651664661b0_0 .net "cout", 0 0, L_0x56516647ec70;  alias, 1 drivers
v0x5651664662a0_0 .net "d", 3 0, L_0x56516647eeb0;  alias, 1 drivers
v0x565166466360_0 .net "s", 1 0, v0x565166466d80_0;  alias, 1 drivers
v0x565166466400_0 .net "y", 3 0, L_0x56516647bf50;  1 drivers
L_0x5651664761f0 .part v0x5651664668e0_0, 0, 1;
L_0x565166476290 .part v0x5651664668e0_0, 0, 1;
L_0x5651664763c0 .concat [ 1 1 1 1], L_0x7fc07d6a5060, L_0x7fc07d6a5018, L_0x565166475df0, L_0x5651664761f0;
L_0x565166478120 .part v0x5651664668e0_0, 1, 1;
L_0x5651664781f0 .part v0x5651664668e0_0, 1, 1;
L_0x5651664782e0 .concat [ 1 1 1 1], L_0x7fc07d6a50f0, L_0x7fc07d6a50a8, L_0x565166477d20, L_0x565166478120;
L_0x56516647a080 .part v0x5651664668e0_0, 2, 1;
L_0x56516647a120 .part v0x5651664668e0_0, 2, 1;
L_0x56516647a2b0 .concat [ 1 1 1 1], L_0x7fc07d6a5180, L_0x7fc07d6a5138, L_0x565166479c80, L_0x56516647a080;
L_0x56516647bf50 .concat8 [ 1 1 1 1], L_0x565166475b40, L_0x565166477a70, L_0x5651664799d0, L_0x56516647b8a0;
L_0x56516647c1e0 .part v0x5651664668e0_0, 3, 1;
L_0x56516647c280 .part v0x5651664668e0_0, 3, 1;
L_0x56516647c390 .concat [ 1 1 1 1], L_0x7fc07d6a5210, L_0x7fc07d6a51c8, L_0x56516647bb50, L_0x56516647c1e0;
S_0x56516645be70 .scope module, "ADDER4" "IV_BIT_ADDER" 2 226, 2 156 0, S_0x56516645bc00;
 .timescale -9 -9;
    .port_info 0 /OUTPUT 4 "sum"
    .port_info 1 /OUTPUT 1 "cout"
    .port_info 2 /INPUT 4 "a"
    .port_info 3 /INPUT 4 "b"
    .port_info 4 /INPUT 1 "cin"
v0x56516645e650_0 .net "a", 3 0, v0x5651664667b0_0;  alias, 1 drivers
v0x56516645e750_0 .net "b", 3 0, L_0x56516647bf50;  alias, 1 drivers
v0x56516645e830_0 .net "cin", 0 0, v0x5651664669a0_0;  alias, 1 drivers
v0x56516645e900_0 .net "cout", 0 0, L_0x56516647ec70;  alias, 1 drivers
v0x56516645e9d0_0 .net "sum", 3 0, L_0x56516647eeb0;  alias, 1 drivers
v0x56516645eac0_0 .net "w", 2 0, L_0x56516647e200;  1 drivers
L_0x56516647cc80 .part v0x5651664667b0_0, 0, 1;
L_0x56516647ce40 .part L_0x56516647bf50, 0, 1;
L_0x56516647d6a0 .part v0x5651664667b0_0, 1, 1;
L_0x56516647d7d0 .part L_0x56516647bf50, 1, 1;
L_0x56516647d9c0 .part L_0x56516647e200, 0, 1;
L_0x56516647e200 .concat8 [ 1 1 1 0], L_0x56516647ca80, L_0x56516647d470, L_0x56516647dfd0;
L_0x56516647e420 .part v0x5651664667b0_0, 2, 1;
L_0x56516647e550 .part L_0x56516647bf50, 2, 1;
L_0x56516647e6d0 .part L_0x56516647e200, 1, 1;
L_0x56516647eeb0 .concat8 [ 1 1 1 1], L_0x56516647c570, L_0x56516647cf70, L_0x56516647daf0, L_0x56516647e800;
L_0x56516647f0f0 .part v0x5651664667b0_0, 3, 1;
L_0x56516647f220 .part L_0x56516647bf50, 3, 1;
L_0x56516647f3c0 .part L_0x56516647e200, 2, 1;
S_0x56516645c0c0 .scope module, "FA0" "FULLADDER" 2 164, 2 105 0, S_0x56516645be70;
 .timescale -9 -9;
    .port_info 0 /OUTPUT 1 "sum"
    .port_info 1 /OUTPUT 1 "cout"
    .port_info 2 /INPUT 1 "a"
    .port_info 3 /INPUT 1 "b"
    .port_info 4 /INPUT 1 "cin"
L_0x56516647c570/d .functor XOR 1, L_0x56516647cc80, L_0x56516647ce40, v0x5651664669a0_0, C4<0>;
L_0x56516647c570 .delay 1 (11,11,11) L_0x56516647c570/d;
L_0x56516647c680/d .functor AND 1, L_0x56516647cc80, L_0x56516647ce40, C4<1>, C4<1>;
L_0x56516647c680 .delay 1 (7,7,7) L_0x56516647c680/d;
L_0x56516647c830/d .functor AND 1, L_0x56516647cc80, v0x5651664669a0_0, C4<1>, C4<1>;
L_0x56516647c830 .delay 1 (7,7,7) L_0x56516647c830/d;
L_0x56516647c940/d .functor AND 1, L_0x56516647ce40, v0x5651664669a0_0, C4<1>, C4<1>;
L_0x56516647c940 .delay 1 (7,7,7) L_0x56516647c940/d;
L_0x56516647ca80/d .functor OR 1, L_0x56516647c680, L_0x56516647c830, L_0x56516647c940, C4<0>;
L_0x56516647ca80 .delay 1 (7,7,7) L_0x56516647ca80/d;
v0x56516645c330_0 .net "a", 0 0, L_0x56516647cc80;  1 drivers
v0x56516645c410_0 .net "b", 0 0, L_0x56516647ce40;  1 drivers
v0x56516645c4d0_0 .net "cin", 0 0, v0x5651664669a0_0;  alias, 1 drivers
v0x56516645c570_0 .net "cout", 0 0, L_0x56516647ca80;  1 drivers
v0x56516645c630_0 .net "sum", 0 0, L_0x56516647c570;  1 drivers
v0x56516645c740_0 .net "z1", 0 0, L_0x56516647c680;  1 drivers
v0x56516645c800_0 .net "z2", 0 0, L_0x56516647c830;  1 drivers
v0x56516645c8c0_0 .net "z3", 0 0, L_0x56516647c940;  1 drivers
S_0x56516645ca20 .scope module, "FA1" "FULLADDER" 2 165, 2 105 0, S_0x56516645be70;
 .timescale -9 -9;
    .port_info 0 /OUTPUT 1 "sum"
    .port_info 1 /OUTPUT 1 "cout"
    .port_info 2 /INPUT 1 "a"
    .port_info 3 /INPUT 1 "b"
    .port_info 4 /INPUT 1 "cin"
L_0x56516647cf70/d .functor XOR 1, L_0x56516647d6a0, L_0x56516647d7d0, L_0x56516647d9c0, C4<0>;
L_0x56516647cf70 .delay 1 (11,11,11) L_0x56516647cf70/d;
L_0x56516647d090/d .functor AND 1, L_0x56516647d6a0, L_0x56516647d7d0, C4<1>, C4<1>;
L_0x56516647d090 .delay 1 (7,7,7) L_0x56516647d090/d;
L_0x56516647d1d0/d .functor AND 1, L_0x56516647d6a0, L_0x56516647d9c0, C4<1>, C4<1>;
L_0x56516647d1d0 .delay 1 (7,7,7) L_0x56516647d1d0/d;
L_0x56516647d330/d .functor AND 1, L_0x56516647d7d0, L_0x56516647d9c0, C4<1>, C4<1>;
L_0x56516647d330 .delay 1 (7,7,7) L_0x56516647d330/d;
L_0x56516647d470/d .functor OR 1, L_0x56516647d090, L_0x56516647d1d0, L_0x56516647d330, C4<0>;
L_0x56516647d470 .delay 1 (7,7,7) L_0x56516647d470/d;
v0x56516645cc90_0 .net "a", 0 0, L_0x56516647d6a0;  1 drivers
v0x56516645cd50_0 .net "b", 0 0, L_0x56516647d7d0;  1 drivers
v0x56516645ce10_0 .net "cin", 0 0, L_0x56516647d9c0;  1 drivers
v0x56516645ceb0_0 .net "cout", 0 0, L_0x56516647d470;  1 drivers
v0x56516645cf70_0 .net "sum", 0 0, L_0x56516647cf70;  1 drivers
v0x56516645d080_0 .net "z1", 0 0, L_0x56516647d090;  1 drivers
v0x56516645d140_0 .net "z2", 0 0, L_0x56516647d1d0;  1 drivers
v0x56516645d200_0 .net "z3", 0 0, L_0x56516647d330;  1 drivers
S_0x56516645d360 .scope module, "FA2" "FULLADDER" 2 166, 2 105 0, S_0x56516645be70;
 .timescale -9 -9;
    .port_info 0 /OUTPUT 1 "sum"
    .port_info 1 /OUTPUT 1 "cout"
    .port_info 2 /INPUT 1 "a"
    .port_info 3 /INPUT 1 "b"
    .port_info 4 /INPUT 1 "cin"
L_0x56516647daf0/d .functor XOR 1, L_0x56516647e420, L_0x56516647e550, L_0x56516647e6d0, C4<0>;
L_0x56516647daf0 .delay 1 (11,11,11) L_0x56516647daf0/d;
L_0x56516647dc40/d .functor AND 1, L_0x56516647e420, L_0x56516647e550, C4<1>, C4<1>;
L_0x56516647dc40 .delay 1 (7,7,7) L_0x56516647dc40/d;
L_0x56516647dd30/d .functor AND 1, L_0x56516647e420, L_0x56516647e6d0, C4<1>, C4<1>;
L_0x56516647dd30 .delay 1 (7,7,7) L_0x56516647dd30/d;
L_0x56516647de90/d .functor AND 1, L_0x56516647e550, L_0x56516647e6d0, C4<1>, C4<1>;
L_0x56516647de90 .delay 1 (7,7,7) L_0x56516647de90/d;
L_0x56516647dfd0/d .functor OR 1, L_0x56516647dc40, L_0x56516647dd30, L_0x56516647de90, C4<0>;
L_0x56516647dfd0 .delay 1 (7,7,7) L_0x56516647dfd0/d;
v0x56516645d5e0_0 .net "a", 0 0, L_0x56516647e420;  1 drivers
v0x56516645d6a0_0 .net "b", 0 0, L_0x56516647e550;  1 drivers
v0x56516645d760_0 .net "cin", 0 0, L_0x56516647e6d0;  1 drivers
v0x56516645d830_0 .net "cout", 0 0, L_0x56516647dfd0;  1 drivers
v0x56516645d8f0_0 .net "sum", 0 0, L_0x56516647daf0;  1 drivers
v0x56516645da00_0 .net "z1", 0 0, L_0x56516647dc40;  1 drivers
v0x56516645dac0_0 .net "z2", 0 0, L_0x56516647dd30;  1 drivers
v0x56516645db80_0 .net "z3", 0 0, L_0x56516647de90;  1 drivers
S_0x56516645dce0 .scope module, "FA3" "FULLADDER" 2 167, 2 105 0, S_0x56516645be70;
 .timescale -9 -9;
    .port_info 0 /OUTPUT 1 "sum"
    .port_info 1 /OUTPUT 1 "cout"
    .port_info 2 /INPUT 1 "a"
    .port_info 3 /INPUT 1 "b"
    .port_info 4 /INPUT 1 "cin"
L_0x56516647e800/d .functor XOR 1, L_0x56516647f0f0, L_0x56516647f220, L_0x56516647f3c0, C4<0>;
L_0x56516647e800 .delay 1 (11,11,11) L_0x56516647e800/d;
L_0x56516647e8c0/d .functor AND 1, L_0x56516647f0f0, L_0x56516647f220, C4<1>, C4<1>;
L_0x56516647e8c0 .delay 1 (7,7,7) L_0x56516647e8c0/d;
L_0x56516647e9d0/d .functor AND 1, L_0x56516647f0f0, L_0x56516647f3c0, C4<1>, C4<1>;
L_0x56516647e9d0 .delay 1 (7,7,7) L_0x56516647e9d0/d;
L_0x56516647eb30/d .functor AND 1, L_0x56516647f220, L_0x56516647f3c0, C4<1>, C4<1>;
L_0x56516647eb30 .delay 1 (7,7,7) L_0x56516647eb30/d;
L_0x56516647ec70/d .functor OR 1, L_0x56516647e8c0, L_0x56516647e9d0, L_0x56516647eb30, C4<0>;
L_0x56516647ec70 .delay 1 (7,7,7) L_0x56516647ec70/d;
v0x56516645df30_0 .net "a", 0 0, L_0x56516647f0f0;  1 drivers
v0x56516645e010_0 .net "b", 0 0, L_0x56516647f220;  1 drivers
v0x56516645e0d0_0 .net "cin", 0 0, L_0x56516647f3c0;  1 drivers
v0x56516645e1a0_0 .net "cout", 0 0, L_0x56516647ec70;  alias, 1 drivers
v0x56516645e260_0 .net "sum", 0 0, L_0x56516647e800;  1 drivers
v0x56516645e370_0 .net "z1", 0 0, L_0x56516647e8c0;  1 drivers
v0x56516645e430_0 .net "z2", 0 0, L_0x56516647e9d0;  1 drivers
v0x56516645e4f0_0 .net "z3", 0 0, L_0x56516647eb30;  1 drivers
S_0x56516645ec20 .scope module, "mux0" "MUX4X1" 2 221, 2 50 0, S_0x56516645bc00;
 .timescale -9 -9;
    .port_info 0 /OUTPUT 1 "f"
    .port_info 1 /INPUT 2 "s"
    .port_info 2 /INPUT 4 "b"
L_0x565166474480/d .functor NOT 1, L_0x5651664746d0, C4<0>, C4<0>, C4<0>;
L_0x565166474480 .delay 1 (3,3,3) L_0x565166474480/d;
L_0x565166474770/d .functor NOT 1, L_0x5651664748d0, C4<0>, C4<0>, C4<0>;
L_0x565166474770 .delay 1 (3,3,3) L_0x565166474770/d;
L_0x5651664749c0/d .functor AND 1, L_0x565166474ce0, L_0x565166474480, L_0x565166474770, C4<1>;
L_0x5651664749c0 .delay 1 (7,7,7) L_0x5651664749c0/d;
L_0x565166474dd0/d .functor AND 1, L_0x565166474f70, L_0x5651664750e0, L_0x565166474480, C4<1>;
L_0x565166474dd0 .delay 1 (7,7,7) L_0x565166474dd0/d;
L_0x5651664751d0/d .functor AND 1, L_0x565166475310, L_0x565166475440, L_0x565166474770, C4<1>;
L_0x5651664751d0 .delay 1 (7,7,7) L_0x5651664751d0/d;
L_0x565166475710/d .functor AND 1, L_0x5651664758b0, L_0x5651664759a0, L_0x565166475aa0, C4<1>;
L_0x565166475710 .delay 1 (7,7,7) L_0x565166475710/d;
L_0x565166475b40/d .functor OR 1, L_0x565166475cb0, L_0x565166475e60, L_0x565166475f50, L_0x565166476150;
L_0x565166475b40 .delay 1 (7,7,7) L_0x565166475b40/d;
v0x56516645ee60_0 .net *"_s10", 0 0, L_0x565166474ce0;  1 drivers
v0x56516645ef60_0 .net *"_s12", 0 0, L_0x565166474dd0;  1 drivers
v0x56516645f040_0 .net *"_s15", 0 0, L_0x565166474f70;  1 drivers
v0x56516645f100_0 .net *"_s17", 0 0, L_0x5651664750e0;  1 drivers
v0x56516645f1e0_0 .net *"_s19", 0 0, L_0x5651664751d0;  1 drivers
v0x56516645f310_0 .net *"_s2", 0 0, L_0x5651664746d0;  1 drivers
v0x56516645f3f0_0 .net *"_s22", 0 0, L_0x565166475310;  1 drivers
v0x56516645f4d0_0 .net *"_s24", 0 0, L_0x565166475440;  1 drivers
v0x56516645f5b0_0 .net *"_s26", 0 0, L_0x565166475710;  1 drivers
v0x56516645f690_0 .net *"_s30", 0 0, L_0x5651664758b0;  1 drivers
v0x56516645f770_0 .net *"_s32", 0 0, L_0x5651664759a0;  1 drivers
v0x56516645f850_0 .net *"_s34", 0 0, L_0x565166475aa0;  1 drivers
v0x56516645f930_0 .net *"_s37", 0 0, L_0x565166475cb0;  1 drivers
v0x56516645fa10_0 .net *"_s39", 0 0, L_0x565166475e60;  1 drivers
v0x56516645faf0_0 .net *"_s41", 0 0, L_0x565166475f50;  1 drivers
v0x56516645fbd0_0 .net *"_s43", 0 0, L_0x565166476150;  1 drivers
v0x56516645fcb0_0 .net *"_s5", 0 0, L_0x5651664748d0;  1 drivers
v0x56516645fd90_0 .net *"_s7", 0 0, L_0x5651664749c0;  1 drivers
v0x56516645fe70_0 .net "b", 0 3, L_0x5651664763c0;  1 drivers
v0x56516645ff50_0 .net "f", 0 0, L_0x565166475b40;  1 drivers
v0x565166460010_0 .net "ns0", 0 0, L_0x565166474770;  1 drivers
v0x5651664600d0_0 .net "ns1", 0 0, L_0x565166474480;  1 drivers
v0x565166460190_0 .net "s", 1 0, v0x565166466d80_0;  alias, 1 drivers
v0x565166460270_0 .net "w", 0 3, L_0x565166475530;  1 drivers
L_0x5651664746d0 .part v0x565166466d80_0, 1, 1;
L_0x5651664748d0 .part v0x565166466d80_0, 0, 1;
L_0x565166474ce0 .part L_0x5651664763c0, 3, 1;
L_0x565166474f70 .part L_0x5651664763c0, 2, 1;
L_0x5651664750e0 .part v0x565166466d80_0, 0, 1;
L_0x565166475310 .part L_0x5651664763c0, 1, 1;
L_0x565166475440 .part v0x565166466d80_0, 1, 1;
L_0x565166475530 .concat8 [ 1 1 1 1], L_0x565166475710, L_0x5651664751d0, L_0x565166474dd0, L_0x5651664749c0;
L_0x5651664758b0 .part L_0x5651664763c0, 0, 1;
L_0x5651664759a0 .part v0x565166466d80_0, 1, 1;
L_0x565166475aa0 .part v0x565166466d80_0, 0, 1;
L_0x565166475cb0 .part L_0x565166475530, 3, 1;
L_0x565166475e60 .part L_0x565166475530, 2, 1;
L_0x565166475f50 .part L_0x565166475530, 1, 1;
L_0x565166476150 .part L_0x565166475530, 0, 1;
S_0x5651664603d0 .scope module, "mux1" "MUX4X1" 2 222, 2 50 0, S_0x56516645bc00;
 .timescale -9 -9;
    .port_info 0 /OUTPUT 1 "f"
    .port_info 1 /INPUT 2 "s"
    .port_info 2 /INPUT 4 "b"
L_0x5651664765a0/d .functor NOT 1, L_0x5651664766b0, C4<0>, C4<0>, C4<0>;
L_0x5651664765a0 .delay 1 (3,3,3) L_0x5651664765a0/d;
L_0x5651664767a0/d .functor NOT 1, L_0x5651664768b0, C4<0>, C4<0>, C4<0>;
L_0x5651664767a0 .delay 1 (3,3,3) L_0x5651664767a0/d;
L_0x5651664769a0/d .functor AND 1, L_0x565166476b80, L_0x5651664765a0, L_0x5651664767a0, C4<1>;
L_0x5651664769a0 .delay 1 (7,7,7) L_0x5651664769a0/d;
L_0x565166476c70/d .functor AND 1, L_0x565166476e10, L_0x565166476f80, L_0x5651664765a0, C4<1>;
L_0x565166476c70 .delay 1 (7,7,7) L_0x565166476c70/d;
L_0x565166477070/d .functor AND 1, L_0x5651664771b0, L_0x5651664772e0, L_0x5651664767a0, C4<1>;
L_0x565166477070 .delay 1 (7,7,7) L_0x565166477070/d;
L_0x5651664775b0/d .functor AND 1, L_0x565166477750, L_0x5651664778d0, L_0x5651664779d0, C4<1>;
L_0x5651664775b0 .delay 1 (7,7,7) L_0x5651664775b0/d;
L_0x565166477a70/d .functor OR 1, L_0x565166477be0, L_0x565166477d90, L_0x565166477e80, L_0x565166478080;
L_0x565166477a70 .delay 1 (7,7,7) L_0x565166477a70/d;
v0x5651664605a0_0 .net *"_s10", 0 0, L_0x565166476b80;  1 drivers
v0x565166460680_0 .net *"_s12", 0 0, L_0x565166476c70;  1 drivers
v0x565166460760_0 .net *"_s15", 0 0, L_0x565166476e10;  1 drivers
v0x565166460850_0 .net *"_s17", 0 0, L_0x565166476f80;  1 drivers
v0x565166460930_0 .net *"_s19", 0 0, L_0x565166477070;  1 drivers
v0x565166460a60_0 .net *"_s2", 0 0, L_0x5651664766b0;  1 drivers
v0x565166460b40_0 .net *"_s22", 0 0, L_0x5651664771b0;  1 drivers
v0x565166460c20_0 .net *"_s24", 0 0, L_0x5651664772e0;  1 drivers
v0x565166460d00_0 .net *"_s26", 0 0, L_0x5651664775b0;  1 drivers
v0x565166460de0_0 .net *"_s30", 0 0, L_0x565166477750;  1 drivers
v0x565166460ec0_0 .net *"_s32", 0 0, L_0x5651664778d0;  1 drivers
v0x565166460fa0_0 .net *"_s34", 0 0, L_0x5651664779d0;  1 drivers
v0x565166461080_0 .net *"_s37", 0 0, L_0x565166477be0;  1 drivers
v0x565166461160_0 .net *"_s39", 0 0, L_0x565166477d90;  1 drivers
v0x565166461240_0 .net *"_s41", 0 0, L_0x565166477e80;  1 drivers
v0x565166461320_0 .net *"_s43", 0 0, L_0x565166478080;  1 drivers
v0x565166461400_0 .net *"_s5", 0 0, L_0x5651664768b0;  1 drivers
v0x5651664615f0_0 .net *"_s7", 0 0, L_0x5651664769a0;  1 drivers
v0x5651664616d0_0 .net "b", 0 3, L_0x5651664782e0;  1 drivers
v0x5651664617b0_0 .net "f", 0 0, L_0x565166477a70;  1 drivers
v0x565166461870_0 .net "ns0", 0 0, L_0x5651664767a0;  1 drivers
v0x565166461930_0 .net "ns1", 0 0, L_0x5651664765a0;  1 drivers
v0x5651664619f0_0 .net "s", 1 0, v0x565166466d80_0;  alias, 1 drivers
v0x565166461ab0_0 .net "w", 0 3, L_0x5651664773d0;  1 drivers
L_0x5651664766b0 .part v0x565166466d80_0, 1, 1;
L_0x5651664768b0 .part v0x565166466d80_0, 0, 1;
L_0x565166476b80 .part L_0x5651664782e0, 3, 1;
L_0x565166476e10 .part L_0x5651664782e0, 2, 1;
L_0x565166476f80 .part v0x565166466d80_0, 0, 1;
L_0x5651664771b0 .part L_0x5651664782e0, 1, 1;
L_0x5651664772e0 .part v0x565166466d80_0, 1, 1;
L_0x5651664773d0 .concat8 [ 1 1 1 1], L_0x5651664775b0, L_0x565166477070, L_0x565166476c70, L_0x5651664769a0;
L_0x565166477750 .part L_0x5651664782e0, 0, 1;
L_0x5651664778d0 .part v0x565166466d80_0, 1, 1;
L_0x5651664779d0 .part v0x565166466d80_0, 0, 1;
L_0x565166477be0 .part L_0x5651664773d0, 3, 1;
L_0x565166477d90 .part L_0x5651664773d0, 2, 1;
L_0x565166477e80 .part L_0x5651664773d0, 1, 1;
L_0x565166478080 .part L_0x5651664773d0, 0, 1;
S_0x565166461bf0 .scope module, "mux2" "MUX4X1" 2 223, 2 50 0, S_0x56516645bc00;
 .timescale -9 -9;
    .port_info 0 /OUTPUT 1 "f"
    .port_info 1 /INPUT 2 "s"
    .port_info 2 /INPUT 4 "b"
L_0x565166478530/d .functor NOT 1, L_0x565166478640, C4<0>, C4<0>, C4<0>;
L_0x565166478530 .delay 1 (3,3,3) L_0x565166478530/d;
L_0x565166478730/d .functor NOT 1, L_0x565166478840, C4<0>, C4<0>, C4<0>;
L_0x565166478730 .delay 1 (3,3,3) L_0x565166478730/d;
L_0x565166478930/d .functor AND 1, L_0x565166478ae0, L_0x565166478530, L_0x565166478730, C4<1>;
L_0x565166478930 .delay 1 (7,7,7) L_0x565166478930/d;
L_0x565166478bd0/d .functor AND 1, L_0x565166478d70, L_0x565166478ee0, L_0x565166478530, C4<1>;
L_0x565166478bd0 .delay 1 (7,7,7) L_0x565166478bd0/d;
L_0x565166478fd0/d .functor AND 1, L_0x565166479110, L_0x565166479240, L_0x565166478730, C4<1>;
L_0x565166478fd0 .delay 1 (7,7,7) L_0x565166478fd0/d;
L_0x565166479510/d .functor AND 1, L_0x5651664796b0, L_0x565166479830, L_0x565166479930, C4<1>;
L_0x565166479510 .delay 1 (7,7,7) L_0x565166479510/d;
L_0x5651664799d0/d .functor OR 1, L_0x565166479b40, L_0x565166479cf0, L_0x565166479de0, L_0x565166479fe0;
L_0x5651664799d0 .delay 1 (7,7,7) L_0x5651664799d0/d;
v0x565166461dc0_0 .net *"_s10", 0 0, L_0x565166478ae0;  1 drivers
v0x565166461ec0_0 .net *"_s12", 0 0, L_0x565166478bd0;  1 drivers
v0x565166461fa0_0 .net *"_s15", 0 0, L_0x565166478d70;  1 drivers
v0x565166462090_0 .net *"_s17", 0 0, L_0x565166478ee0;  1 drivers
v0x565166462170_0 .net *"_s19", 0 0, L_0x565166478fd0;  1 drivers
v0x5651664622a0_0 .net *"_s2", 0 0, L_0x565166478640;  1 drivers
v0x565166462380_0 .net *"_s22", 0 0, L_0x565166479110;  1 drivers
v0x565166462460_0 .net *"_s24", 0 0, L_0x565166479240;  1 drivers
v0x565166462540_0 .net *"_s26", 0 0, L_0x565166479510;  1 drivers
v0x565166462620_0 .net *"_s30", 0 0, L_0x5651664796b0;  1 drivers
v0x565166462700_0 .net *"_s32", 0 0, L_0x565166479830;  1 drivers
v0x5651664627e0_0 .net *"_s34", 0 0, L_0x565166479930;  1 drivers
v0x5651664628c0_0 .net *"_s37", 0 0, L_0x565166479b40;  1 drivers
v0x5651664629a0_0 .net *"_s39", 0 0, L_0x565166479cf0;  1 drivers
v0x565166462a80_0 .net *"_s41", 0 0, L_0x565166479de0;  1 drivers
v0x565166462b60_0 .net *"_s43", 0 0, L_0x565166479fe0;  1 drivers
v0x565166462c40_0 .net *"_s5", 0 0, L_0x565166478840;  1 drivers
v0x565166462e30_0 .net *"_s7", 0 0, L_0x565166478930;  1 drivers
v0x565166462f10_0 .net "b", 0 3, L_0x56516647a2b0;  1 drivers
v0x565166462ff0_0 .net "f", 0 0, L_0x5651664799d0;  1 drivers
v0x5651664630b0_0 .net "ns0", 0 0, L_0x565166478730;  1 drivers
v0x565166463170_0 .net "ns1", 0 0, L_0x565166478530;  1 drivers
v0x565166463230_0 .net "s", 1 0, v0x565166466d80_0;  alias, 1 drivers
v0x5651664632f0_0 .net "w", 0 3, L_0x565166479330;  1 drivers
L_0x565166478640 .part v0x565166466d80_0, 1, 1;
L_0x565166478840 .part v0x565166466d80_0, 0, 1;
L_0x565166478ae0 .part L_0x56516647a2b0, 3, 1;
L_0x565166478d70 .part L_0x56516647a2b0, 2, 1;
L_0x565166478ee0 .part v0x565166466d80_0, 0, 1;
L_0x565166479110 .part L_0x56516647a2b0, 1, 1;
L_0x565166479240 .part v0x565166466d80_0, 1, 1;
L_0x565166479330 .concat8 [ 1 1 1 1], L_0x565166479510, L_0x565166478fd0, L_0x565166478bd0, L_0x565166478930;
L_0x5651664796b0 .part L_0x56516647a2b0, 0, 1;
L_0x565166479830 .part v0x565166466d80_0, 1, 1;
L_0x565166479930 .part v0x565166466d80_0, 0, 1;
L_0x565166479b40 .part L_0x565166479330, 3, 1;
L_0x565166479cf0 .part L_0x565166479330, 2, 1;
L_0x565166479de0 .part L_0x565166479330, 1, 1;
L_0x565166479fe0 .part L_0x565166479330, 0, 1;
S_0x565166463450 .scope module, "mux3" "MUX4X1" 2 224, 2 50 0, S_0x56516645bc00;
 .timescale -9 -9;
    .port_info 0 /OUTPUT 1 "f"
    .port_info 1 /INPUT 2 "s"
    .port_info 2 /INPUT 4 "b"
L_0x56516647a490/d .functor NOT 1, L_0x56516647a5a0, C4<0>, C4<0>, C4<0>;
L_0x56516647a490 .delay 1 (3,3,3) L_0x56516647a490/d;
L_0x56516647a690/d .functor NOT 1, L_0x56516647a7a0, C4<0>, C4<0>, C4<0>;
L_0x56516647a690 .delay 1 (3,3,3) L_0x56516647a690/d;
L_0x56516647a890/d .functor AND 1, L_0x56516647aa40, L_0x56516647a490, L_0x56516647a690, C4<1>;
L_0x56516647a890 .delay 1 (7,7,7) L_0x56516647a890/d;
L_0x56516647ab30/d .functor AND 1, L_0x56516647acd0, L_0x56516647ae40, L_0x56516647a490, C4<1>;
L_0x56516647ab30 .delay 1 (7,7,7) L_0x56516647ab30/d;
L_0x56516647af30/d .functor AND 1, L_0x56516647b070, L_0x56516647b1a0, L_0x56516647a690, C4<1>;
L_0x56516647af30 .delay 1 (7,7,7) L_0x56516647af30/d;
L_0x56516647b470/d .functor AND 1, L_0x56516647b610, L_0x56516647b700, L_0x56516647b800, C4<1>;
L_0x56516647b470 .delay 1 (7,7,7) L_0x56516647b470/d;
L_0x56516647b8a0/d .functor OR 1, L_0x56516647ba10, L_0x56516647bbc0, L_0x56516647bcb0, L_0x56516647beb0;
L_0x56516647b8a0 .delay 1 (7,7,7) L_0x56516647b8a0/d;
v0x5651664636c0_0 .net *"_s10", 0 0, L_0x56516647aa40;  1 drivers
v0x5651664637c0_0 .net *"_s12", 0 0, L_0x56516647ab30;  1 drivers
v0x5651664638a0_0 .net *"_s15", 0 0, L_0x56516647acd0;  1 drivers
v0x565166463960_0 .net *"_s17", 0 0, L_0x56516647ae40;  1 drivers
v0x565166463a40_0 .net *"_s19", 0 0, L_0x56516647af30;  1 drivers
v0x565166463b70_0 .net *"_s2", 0 0, L_0x56516647a5a0;  1 drivers
v0x565166463c50_0 .net *"_s22", 0 0, L_0x56516647b070;  1 drivers
v0x565166463d30_0 .net *"_s24", 0 0, L_0x56516647b1a0;  1 drivers
v0x565166463e10_0 .net *"_s26", 0 0, L_0x56516647b470;  1 drivers
v0x565166463ef0_0 .net *"_s30", 0 0, L_0x56516647b610;  1 drivers
v0x565166463fd0_0 .net *"_s32", 0 0, L_0x56516647b700;  1 drivers
v0x5651664640b0_0 .net *"_s34", 0 0, L_0x56516647b800;  1 drivers
v0x565166464190_0 .net *"_s37", 0 0, L_0x56516647ba10;  1 drivers
v0x565166464270_0 .net *"_s39", 0 0, L_0x56516647bbc0;  1 drivers
v0x565166464350_0 .net *"_s41", 0 0, L_0x56516647bcb0;  1 drivers
v0x565166464430_0 .net *"_s43", 0 0, L_0x56516647beb0;  1 drivers
v0x565166464510_0 .net *"_s5", 0 0, L_0x56516647a7a0;  1 drivers
v0x565166464700_0 .net *"_s7", 0 0, L_0x56516647a890;  1 drivers
v0x5651664647e0_0 .net "b", 0 3, L_0x56516647c390;  1 drivers
v0x5651664648c0_0 .net "f", 0 0, L_0x56516647b8a0;  1 drivers
v0x565166464980_0 .net "ns0", 0 0, L_0x56516647a690;  1 drivers
v0x565166464a40_0 .net "ns1", 0 0, L_0x56516647a490;  1 drivers
v0x565166464b00_0 .net "s", 1 0, v0x565166466d80_0;  alias, 1 drivers
v0x565166464bc0_0 .net "w", 0 3, L_0x56516647b290;  1 drivers
L_0x56516647a5a0 .part v0x565166466d80_0, 1, 1;
L_0x56516647a7a0 .part v0x565166466d80_0, 0, 1;
L_0x56516647aa40 .part L_0x56516647c390, 3, 1;
L_0x56516647acd0 .part L_0x56516647c390, 2, 1;
L_0x56516647ae40 .part v0x565166466d80_0, 0, 1;
L_0x56516647b070 .part L_0x56516647c390, 1, 1;
L_0x56516647b1a0 .part v0x565166466d80_0, 1, 1;
L_0x56516647b290 .concat8 [ 1 1 1 1], L_0x56516647b470, L_0x56516647af30, L_0x56516647ab30, L_0x56516647a890;
L_0x56516647b610 .part L_0x56516647c390, 0, 1;
L_0x56516647b700 .part v0x565166466d80_0, 1, 1;
L_0x56516647b800 .part v0x565166466d80_0, 0, 1;
L_0x56516647ba10 .part L_0x56516647b290, 3, 1;
L_0x56516647bbc0 .part L_0x56516647b290, 2, 1;
L_0x56516647bcb0 .part L_0x56516647b290, 1, 1;
L_0x56516647beb0 .part L_0x56516647b290, 0, 1;
S_0x565166466560 .scope module, "TG" "TEST_GENERATOR" 2 511, 2 415 0, S_0x56516640ee80;
 .timescale -9 -9;
    .port_info 0 /OUTPUT 4 "d"
    .port_info 1 /OUTPUT 1 "cout"
    .port_info 2 /OUTPUT 4 "a"
    .port_info 3 /OUTPUT 4 "b"
    .port_info 4 /OUTPUT 2 "s"
    .port_info 5 /OUTPUT 1 "cin"
    .port_info 6 /INPUT 1 "clk"
v0x5651664667b0_0 .var "a", 3 0;
v0x5651664668e0_0 .var "b", 3 0;
v0x5651664669a0_0 .var "cin", 0 0;
v0x565166466a40_0 .net "clk", 0 0, v0x565166467240_0;  alias, 1 drivers
v0x565166466b10_0 .var/i "counter", 31 0;
v0x565166466c00_0 .var "cout", 0 0;
v0x565166466ca0_0 .var "d", 3 0;
v0x565166466d80_0 .var "s", 1 0;
E_0x565166441e30 .event posedge, v0x56516642ca00_0;
S_0x56516642dda0 .scope module, "SYSTEM_CLA" "SYSTEM_CLA" 2 524;
 .timescale -9 -9;
    .port_info 0 /OUTPUT 4 "d"
    .port_info 1 /OUTPUT 1 "cout"
    .port_info 2 /INPUT 4 "a"
    .port_info 3 /INPUT 4 "b"
    .port_info 4 /INPUT 2 "s"
    .port_info 5 /INPUT 1 "cin"
L_0x565166480d40 .functor NOT 1, L_0x5651664811e0, C4<0>, C4<0>, C4<0>;
L_0x565166482e90 .functor NOT 1, L_0x565166483360, C4<0>, C4<0>, C4<0>;
L_0x565166484d60 .functor NOT 1, L_0x565166485200, C4<0>, C4<0>, C4<0>;
L_0x565166486bc0 .functor NOT 1, L_0x565166487290, C4<0>, C4<0>, C4<0>;
L_0x7fc07d6a52a0 .functor BUFT 1, C4<1>, C4<0>, C4<0>, C4<0>;
v0x565166472c70_0 .net/2u *"_s10", 0 0, L_0x7fc07d6a52a0;  1 drivers
v0x565166472d50_0 .net *"_s17", 0 0, L_0x565166483290;  1 drivers
v0x565166472e30_0 .net *"_s19", 0 0, L_0x565166483360;  1 drivers
v0x565166472ef0_0 .net *"_s20", 0 0, L_0x565166482e90;  1 drivers
L_0x7fc07d6a52e8 .functor BUFT 1, C4<0>, C4<0>, C4<0>, C4<0>;
v0x565166472fd0_0 .net/2u *"_s22", 0 0, L_0x7fc07d6a52e8;  1 drivers
L_0x7fc07d6a5330 .functor BUFT 1, C4<1>, C4<0>, C4<0>, C4<0>;
v0x5651664730b0_0 .net/2u *"_s24", 0 0, L_0x7fc07d6a5330;  1 drivers
v0x565166473190_0 .net *"_s3", 0 0, L_0x565166481140;  1 drivers
v0x565166473270_0 .net *"_s31", 0 0, L_0x565166485160;  1 drivers
v0x565166473350_0 .net *"_s33", 0 0, L_0x565166485200;  1 drivers
v0x565166473430_0 .net *"_s34", 0 0, L_0x565166484d60;  1 drivers
L_0x7fc07d6a5378 .functor BUFT 1, C4<0>, C4<0>, C4<0>, C4<0>;
v0x565166473510_0 .net/2u *"_s36", 0 0, L_0x7fc07d6a5378;  1 drivers
L_0x7fc07d6a53c0 .functor BUFT 1, C4<1>, C4<0>, C4<0>, C4<0>;
v0x5651664735f0_0 .net/2u *"_s38", 0 0, L_0x7fc07d6a53c0;  1 drivers
v0x5651664736d0_0 .net *"_s46", 0 0, L_0x5651664871f0;  1 drivers
v0x5651664737b0_0 .net *"_s48", 0 0, L_0x565166487290;  1 drivers
v0x565166473890_0 .net *"_s49", 0 0, L_0x565166486bc0;  1 drivers
v0x565166473970_0 .net *"_s5", 0 0, L_0x5651664811e0;  1 drivers
L_0x7fc07d6a5408 .functor BUFT 1, C4<0>, C4<0>, C4<0>, C4<0>;
v0x565166473a50_0 .net/2u *"_s51", 0 0, L_0x7fc07d6a5408;  1 drivers
L_0x7fc07d6a5450 .functor BUFT 1, C4<1>, C4<0>, C4<0>, C4<0>;
v0x565166473c40_0 .net/2u *"_s53", 0 0, L_0x7fc07d6a5450;  1 drivers
v0x565166473d20_0 .net *"_s6", 0 0, L_0x565166480d40;  1 drivers
L_0x7fc07d6a5258 .functor BUFT 1, C4<0>, C4<0>, C4<0>, C4<0>;
v0x565166473e00_0 .net/2u *"_s8", 0 0, L_0x7fc07d6a5258;  1 drivers
o0x7fc07d6f0748 .functor BUFZ 4, C4<zzzz>; HiZ drive
v0x565166473ee0_0 .net "a", 3 0, o0x7fc07d6f0748;  0 drivers
o0x7fc07d6f2fc8 .functor BUFZ 4, C4<zzzz>; HiZ drive
v0x565166473fa0_0 .net "b", 3 0, o0x7fc07d6f2fc8;  0 drivers
o0x7fc07d6f07d8 .functor BUFZ 1, C4<z>; HiZ drive
v0x565166474060_0 .net "cin", 0 0, o0x7fc07d6f07d8;  0 drivers
v0x565166474100_0 .net "cout", 0 0, L_0x56516648d770;  1 drivers
v0x5651664741a0_0 .net "d", 3 0, L_0x56516648e9d0;  1 drivers
o0x7fc07d6f1c78 .functor BUFZ 2, C4<zz>; HiZ drive
v0x565166474270_0 .net "s", 1 0, o0x7fc07d6f1c78;  0 drivers
v0x565166474310_0 .net "y", 3 0, L_0x565166486fc0;  1 drivers
L_0x565166481140 .part o0x7fc07d6f2fc8, 0, 1;
L_0x5651664811e0 .part o0x7fc07d6f2fc8, 0, 1;
L_0x5651664813b0 .concat [ 1 1 1 1], L_0x7fc07d6a52a0, L_0x7fc07d6a5258, L_0x565166480d40, L_0x565166481140;
L_0x565166483290 .part o0x7fc07d6f2fc8, 1, 1;
L_0x565166483360 .part o0x7fc07d6f2fc8, 1, 1;
L_0x565166483490 .concat [ 1 1 1 1], L_0x7fc07d6a5330, L_0x7fc07d6a52e8, L_0x565166482e90, L_0x565166483290;
L_0x565166485160 .part o0x7fc07d6f2fc8, 2, 1;
L_0x565166485200 .part o0x7fc07d6f2fc8, 2, 1;
L_0x565166485340 .concat [ 1 1 1 1], L_0x7fc07d6a53c0, L_0x7fc07d6a5378, L_0x565166484d60, L_0x565166485160;
L_0x565166486fc0 .concat8 [ 1 1 1 1], L_0x565166480a90, L_0x565166482be0, L_0x565166484ab0, L_0x565166486910;
L_0x5651664871f0 .part o0x7fc07d6f2fc8, 3, 1;
L_0x565166487290 .part o0x7fc07d6f2fc8, 3, 1;
L_0x5651664873a0 .concat [ 1 1 1 1], L_0x7fc07d6a5450, L_0x7fc07d6a5408, L_0x565166486bc0, L_0x5651664871f0;
S_0x565166467730 .scope module, "ADDER4" "CLA_ADDER" 2 540, 2 270 0, S_0x56516642dda0;
 .timescale -9 -9;
    .port_info 0 /OUTPUT 4 "S"
    .port_info 1 /OUTPUT 1 "Cout"
    .port_info 2 /INPUT 4 "A"
    .port_info 3 /INPUT 4 "B"
    .port_info 4 /INPUT 1 "Cin"
L_0x565166487580/d .functor AND 1, L_0x565166487690, L_0x5651664877d0, C4<1>, C4<1>;
L_0x565166487580 .delay 1 (7,7,7) L_0x565166487580/d;
L_0x5651664878c0/d .functor AND 1, L_0x5651664879d0, L_0x565166487ac0, C4<1>, C4<1>;
L_0x5651664878c0 .delay 1 (7,7,7) L_0x5651664878c0/d;
L_0x565166487be0/d .functor AND 1, L_0x565166487ca0, L_0x565166487e20, C4<1>, C4<1>;
L_0x565166487be0 .delay 1 (7,7,7) L_0x565166487be0/d;
L_0x565166488040/d .functor AND 1, L_0x5651664881a0, L_0x5651664882e0, C4<1>, C4<1>;
L_0x565166488040 .delay 1 (7,7,7) L_0x565166488040/d;
L_0x5651664883d0/d .functor XOR 1, L_0x5651664884e0, L_0x565166488630, C4<0>, C4<0>;
L_0x5651664883d0 .delay 1 (11,11,11) L_0x5651664883d0/d;
L_0x5651664886d0/d .functor XOR 1, L_0x5651664887e0, L_0x565166488940, C4<0>, C4<0>;
L_0x5651664886d0 .delay 1 (11,11,11) L_0x5651664886d0/d;
L_0x565166488a30/d .functor XOR 1, L_0x565166488c50, L_0x565166488dc0, C4<0>, C4<0>;
L_0x565166488a30 .delay 1 (11,11,11) L_0x565166488a30/d;
L_0x5651664888d0/d .functor XOR 1, L_0x565166489320, L_0x565166489410, C4<0>, C4<0>;
L_0x5651664888d0 .delay 1 (11,11,11) L_0x5651664888d0/d;
L_0x5651664895a0/d .functor AND 1, L_0x565166489700, o0x7fc07d6f07d8, C4<1>, C4<1>;
L_0x5651664895a0 .delay 1 (7,7,7) L_0x5651664895a0/d;
L_0x565166489840/d .functor OR 1, L_0x5651664899a0, L_0x5651664895a0, C4<0>, C4<0>;
L_0x565166489840 .delay 1 (7,7,7) L_0x565166489840/d;
L_0x565166489b40/d .functor AND 1, L_0x565166489500, L_0x565166489ca0, C4<1>, C4<1>;
L_0x565166489b40 .delay 1 (7,7,7) L_0x565166489b40/d;
L_0x565166489e50/d .functor AND 1, L_0x565166489fd0, L_0x56516648a0c0, o0x7fc07d6f07d8, C4<1>;
L_0x565166489e50 .delay 1 (7,7,7) L_0x565166489e50/d;
L_0x56516648a230/d .functor OR 1, L_0x565166489b40, L_0x565166489e50, L_0x56516648a3e0, C4<0>;
L_0x56516648a230 .delay 1 (7,7,7) L_0x56516648a230/d;
L_0x56516648a4d0/d .functor AND 1, L_0x56516648a610, L_0x56516648a7e0, C4<1>, C4<1>;
L_0x56516648a4d0 .delay 1 (7,7,7) L_0x56516648a4d0/d;
L_0x565166489f60/d .functor AND 1, L_0x56516648a9a0, L_0x56516648ab80, L_0x56516648ac70, C4<1>;
L_0x565166489f60 .delay 1 (7,7,7) L_0x565166489f60/d;
L_0x56516648ae60/d .functor AND 1, L_0x56516648b150, L_0x56516648b240, L_0x56516648b440, o0x7fc07d6f07d8;
L_0x56516648ae60 .delay 1 (7,7,7) L_0x56516648ae60/d;
L_0x56516648b790/d .functor OR 1, L_0x56516648a4d0, L_0x565166489f60, L_0x56516648ae60, L_0x56516648b9e0;
L_0x56516648b790 .delay 1 (7,7,7) L_0x56516648b790/d;
L_0x56516648bad0/d .functor AND 1, L_0x56516648bc80, L_0x56516648b670, C4<1>, C4<1>;
L_0x56516648bad0 .delay 1 (7,7,7) L_0x56516648bad0/d;
L_0x56516648bea0/d .functor AND 1, L_0x56516648bfb0, L_0x56516648c1e0, L_0x56516648c2d0, C4<1>;
L_0x56516648bea0 .delay 1 (7,7,7) L_0x56516648bea0/d;
L_0x56516648c510/d .functor AND 1, L_0x56516648bbe0, L_0x56516648c7b0, L_0x56516648cc10, L_0x56516648cd00;
L_0x56516648c510 .delay 1 (7,7,7) L_0x56516648c510/d;
L_0x56516648cf60/0/0 .functor AND 1, L_0x56516648d0a0, L_0x56516648d190, L_0x56516648d400, L_0x56516648d4f0;
L_0x56516648cf60/0/4 .functor AND 1, o0x7fc07d6f07d8, C4<1>, C4<1>, C4<1>;
L_0x56516648cf60/d .functor AND 1, L_0x56516648cf60/0/0, L_0x56516648cf60/0/4, C4<1>, C4<1>;
L_0x56516648cf60 .delay 1 (7,7,7) L_0x56516648cf60/d;
L_0x56516648d770/0/0 .functor OR 1, L_0x56516648bad0, L_0x56516648bea0, L_0x56516648c510, L_0x56516648cf60;
L_0x56516648d770/0/4 .functor OR 1, L_0x56516648dad0, C4<0>, C4<0>, C4<0>;
L_0x56516648d770/d .functor OR 1, L_0x56516648d770/0/0, L_0x56516648d770/0/4, C4<0>, C4<0>;
L_0x56516648d770 .delay 1 (7,7,7) L_0x56516648d770/d;
L_0x56516648dbc0/d .functor XOR 1, L_0x56516648dcd0, o0x7fc07d6f07d8, C4<0>, C4<0>;
L_0x56516648dbc0 .delay 1 (11,11,11) L_0x56516648dbc0/d;
L_0x56516648df60/d .functor XOR 1, L_0x56516648e140, L_0x56516648e230, C4<0>, C4<0>;
L_0x56516648df60 .delay 1 (11,11,11) L_0x56516648df60/d;
L_0x56516648e520/d .functor XOR 1, L_0x56516648e630, L_0x56516648e720, C4<0>, C4<0>;
L_0x56516648e520 .delay 1 (11,11,11) L_0x56516648e520/d;
L_0x56516648ebb0/d .functor XOR 1, L_0x56516648edf0, L_0x56516648f0b0, C4<0>, C4<0>;
L_0x56516648ebb0 .delay 1 (11,11,11) L_0x56516648ebb0/d;
v0x565166467950_0 .net "A", 3 0, o0x7fc07d6f0748;  alias, 0 drivers
v0x565166467a50_0 .net "B", 3 0, L_0x565166486fc0;  alias, 1 drivers
v0x565166467b30_0 .net "C", 3 1, L_0x56516648b530;  1 drivers
v0x565166467bf0_0 .net "Cin", 0 0, o0x7fc07d6f07d8;  alias, 0 drivers
v0x565166467cb0_0 .net "Cout", 0 0, L_0x56516648d770;  alias, 1 drivers
v0x565166467dc0_0 .net "G", 0 3, L_0x565166487f00;  1 drivers
v0x565166467ea0_0 .net "P", 0 3, L_0x565166488eb0;  1 drivers
v0x565166467f80_0 .net "S", 3 0, L_0x56516648e9d0;  alias, 1 drivers
v0x565166468060_0 .net *"_s0", 0 0, L_0x565166487580;  1 drivers
v0x5651664681d0_0 .net *"_s100", 0 0, L_0x56516648bbe0;  1 drivers
v0x5651664682b0_0 .net *"_s102", 0 0, L_0x56516648c7b0;  1 drivers
v0x565166468390_0 .net *"_s104", 0 0, L_0x56516648cc10;  1 drivers
v0x565166468470_0 .net *"_s106", 0 0, L_0x56516648cd00;  1 drivers
v0x565166468550_0 .net *"_s108", 0 0, L_0x56516648d0a0;  1 drivers
v0x565166468630_0 .net *"_s11", 0 0, L_0x565166487ac0;  1 drivers
v0x565166468710_0 .net *"_s110", 0 0, L_0x56516648d190;  1 drivers
v0x5651664687f0_0 .net *"_s112", 0 0, L_0x56516648d400;  1 drivers
v0x5651664689e0_0 .net *"_s114", 0 0, L_0x56516648d4f0;  1 drivers
v0x565166468ac0_0 .net *"_s116", 0 0, L_0x56516648dad0;  1 drivers
v0x565166468ba0_0 .net *"_s117", 0 0, L_0x56516648dbc0;  1 drivers
v0x565166468c80_0 .net *"_s12", 0 0, L_0x565166487be0;  1 drivers
v0x565166468d60_0 .net *"_s120", 0 0, L_0x56516648dcd0;  1 drivers
v0x565166468e40_0 .net *"_s121", 0 0, L_0x56516648df60;  1 drivers
v0x565166468f20_0 .net *"_s124", 0 0, L_0x56516648e140;  1 drivers
v0x565166469000_0 .net *"_s126", 0 0, L_0x56516648e230;  1 drivers
v0x5651664690e0_0 .net *"_s127", 0 0, L_0x56516648e520;  1 drivers
v0x5651664691c0_0 .net *"_s130", 0 0, L_0x56516648e630;  1 drivers
v0x5651664692a0_0 .net *"_s132", 0 0, L_0x56516648e720;  1 drivers
v0x565166469380_0 .net *"_s133", 0 0, L_0x56516648ebb0;  1 drivers
v0x565166469460_0 .net *"_s137", 0 0, L_0x56516648edf0;  1 drivers
v0x565166469540_0 .net *"_s139", 0 0, L_0x56516648f0b0;  1 drivers
v0x565166469620_0 .net *"_s15", 0 0, L_0x565166487ca0;  1 drivers
v0x565166469700_0 .net *"_s17", 0 0, L_0x565166487e20;  1 drivers
v0x5651664699f0_0 .net *"_s18", 0 0, L_0x565166488040;  1 drivers
v0x565166469ad0_0 .net *"_s22", 0 0, L_0x5651664881a0;  1 drivers
v0x565166469bb0_0 .net *"_s24", 0 0, L_0x5651664882e0;  1 drivers
v0x565166469c90_0 .net *"_s25", 0 0, L_0x5651664883d0;  1 drivers
v0x565166469d70_0 .net *"_s28", 0 0, L_0x5651664884e0;  1 drivers
v0x565166469e50_0 .net *"_s3", 0 0, L_0x565166487690;  1 drivers
v0x565166469f30_0 .net *"_s30", 0 0, L_0x565166488630;  1 drivers
v0x56516646a010_0 .net *"_s31", 0 0, L_0x5651664886d0;  1 drivers
v0x56516646a0f0_0 .net *"_s34", 0 0, L_0x5651664887e0;  1 drivers
v0x56516646a1d0_0 .net *"_s36", 0 0, L_0x565166488940;  1 drivers
v0x56516646a2b0_0 .net *"_s37", 0 0, L_0x565166488a30;  1 drivers
v0x56516646a390_0 .net *"_s40", 0 0, L_0x565166488c50;  1 drivers
v0x56516646a470_0 .net *"_s42", 0 0, L_0x565166488dc0;  1 drivers
v0x56516646a550_0 .net *"_s43", 0 0, L_0x5651664888d0;  1 drivers
v0x56516646a630_0 .net *"_s47", 0 0, L_0x565166489320;  1 drivers
v0x56516646a710_0 .net *"_s49", 0 0, L_0x565166489410;  1 drivers
v0x56516646a7f0_0 .net *"_s5", 0 0, L_0x5651664877d0;  1 drivers
v0x56516646a8d0_0 .net *"_s51", 0 0, L_0x565166489700;  1 drivers
v0x56516646a9b0_0 .net *"_s52", 0 0, L_0x565166489840;  1 drivers
v0x56516646aa90_0 .net *"_s55", 0 0, L_0x5651664899a0;  1 drivers
v0x56516646ab70_0 .net *"_s57", 0 0, L_0x565166489500;  1 drivers
v0x56516646ac50_0 .net *"_s59", 0 0, L_0x565166489ca0;  1 drivers
v0x56516646ad30_0 .net *"_s6", 0 0, L_0x5651664878c0;  1 drivers
v0x56516646ae10_0 .net *"_s61", 0 0, L_0x565166489fd0;  1 drivers
v0x56516646aef0_0 .net *"_s63", 0 0, L_0x56516648a0c0;  1 drivers
v0x56516646afd0_0 .net *"_s64", 0 0, L_0x56516648a230;  1 drivers
v0x56516646b0b0_0 .net *"_s67", 0 0, L_0x56516648a3e0;  1 drivers
v0x56516646b190_0 .net *"_s69", 0 0, L_0x56516648a610;  1 drivers
v0x56516646b270_0 .net *"_s71", 0 0, L_0x56516648a7e0;  1 drivers
v0x56516646b350_0 .net *"_s73", 0 0, L_0x56516648a9a0;  1 drivers
v0x56516646b430_0 .net *"_s75", 0 0, L_0x56516648ab80;  1 drivers
v0x56516646b510_0 .net *"_s77", 0 0, L_0x56516648ac70;  1 drivers
v0x56516646ba00_0 .net *"_s79", 0 0, L_0x56516648b150;  1 drivers
v0x56516646bae0_0 .net *"_s81", 0 0, L_0x56516648b240;  1 drivers
v0x56516646bbc0_0 .net *"_s83", 0 0, L_0x56516648b440;  1 drivers
v0x56516646bca0_0 .net *"_s84", 0 0, L_0x56516648b790;  1 drivers
v0x56516646bd80_0 .net *"_s88", 0 0, L_0x56516648b9e0;  1 drivers
v0x56516646be60_0 .net *"_s9", 0 0, L_0x5651664879d0;  1 drivers
v0x56516646bf40_0 .net *"_s90", 0 0, L_0x56516648bc80;  1 drivers
v0x56516646c020_0 .net *"_s92", 0 0, L_0x56516648b670;  1 drivers
v0x56516646c100_0 .net *"_s94", 0 0, L_0x56516648bfb0;  1 drivers
v0x56516646c1e0_0 .net *"_s96", 0 0, L_0x56516648c1e0;  1 drivers
v0x56516646c2c0_0 .net *"_s98", 0 0, L_0x56516648c2d0;  1 drivers
v0x56516646c3a0_0 .net "tmp1", 0 0, L_0x5651664895a0;  1 drivers
v0x56516646c460_0 .net "tmp10", 0 0, L_0x56516648cf60;  1 drivers
v0x56516646c520_0 .net "tmp2", 0 0, L_0x565166489b40;  1 drivers
v0x56516646c5e0_0 .net "tmp3", 0 0, L_0x565166489e50;  1 drivers
v0x56516646c6a0_0 .net "tmp4", 0 0, L_0x56516648a4d0;  1 drivers
v0x56516646c760_0 .net "tmp5", 0 0, L_0x565166489f60;  1 drivers
v0x56516646c820_0 .net "tmp6", 0 0, L_0x56516648ae60;  1 drivers
v0x56516646c8e0_0 .net "tmp7", 0 0, L_0x56516648bad0;  1 drivers
v0x56516646c9a0_0 .net "tmp8", 0 0, L_0x56516648bea0;  1 drivers
v0x56516646ca60_0 .net "tmp9", 0 0, L_0x56516648c510;  1 drivers
L_0x565166487690 .part o0x7fc07d6f0748, 0, 1;
L_0x5651664877d0 .part L_0x565166486fc0, 0, 1;
L_0x5651664879d0 .part o0x7fc07d6f0748, 1, 1;
L_0x565166487ac0 .part L_0x565166486fc0, 1, 1;
L_0x565166487ca0 .part o0x7fc07d6f0748, 2, 1;
L_0x565166487e20 .part L_0x565166486fc0, 2, 1;
L_0x565166487f00 .concat8 [ 1 1 1 1], L_0x565166488040, L_0x565166487be0, L_0x5651664878c0, L_0x565166487580;
L_0x5651664881a0 .part o0x7fc07d6f0748, 3, 1;
L_0x5651664882e0 .part L_0x565166486fc0, 3, 1;
L_0x5651664884e0 .part o0x7fc07d6f0748, 0, 1;
L_0x565166488630 .part L_0x565166486fc0, 0, 1;
L_0x5651664887e0 .part o0x7fc07d6f0748, 1, 1;
L_0x565166488940 .part L_0x565166486fc0, 1, 1;
L_0x565166488c50 .part o0x7fc07d6f0748, 2, 1;
L_0x565166488dc0 .part L_0x565166486fc0, 2, 1;
L_0x565166488eb0 .concat8 [ 1 1 1 1], L_0x5651664888d0, L_0x565166488a30, L_0x5651664886d0, L_0x5651664883d0;
L_0x565166489320 .part o0x7fc07d6f0748, 3, 1;
L_0x565166489410 .part L_0x565166486fc0, 3, 1;
L_0x565166489700 .part L_0x565166488eb0, 3, 1;
L_0x5651664899a0 .part L_0x565166487f00, 3, 1;
L_0x565166489500 .part L_0x565166488eb0, 2, 1;
L_0x565166489ca0 .part L_0x565166487f00, 3, 1;
L_0x565166489fd0 .part L_0x565166488eb0, 2, 1;
L_0x56516648a0c0 .part L_0x565166488eb0, 3, 1;
L_0x56516648a3e0 .part L_0x565166487f00, 2, 1;
L_0x56516648a610 .part L_0x565166488eb0, 1, 1;
L_0x56516648a7e0 .part L_0x565166487f00, 2, 1;
L_0x56516648a9a0 .part L_0x565166488eb0, 1, 1;
L_0x56516648ab80 .part L_0x565166488eb0, 2, 1;
L_0x56516648ac70 .part L_0x565166487f00, 3, 1;
L_0x56516648b150 .part L_0x565166488eb0, 1, 1;
L_0x56516648b240 .part L_0x565166488eb0, 2, 1;
L_0x56516648b440 .part L_0x565166488eb0, 3, 1;
L_0x56516648b530 .concat8 [ 1 1 1 0], L_0x565166489840, L_0x56516648a230, L_0x56516648b790;
L_0x56516648b9e0 .part L_0x565166487f00, 1, 1;
L_0x56516648bc80 .part L_0x565166488eb0, 0, 1;
L_0x56516648b670 .part L_0x565166487f00, 1, 1;
L_0x56516648bfb0 .part L_0x565166488eb0, 0, 1;
L_0x56516648c1e0 .part L_0x565166488eb0, 1, 1;
L_0x56516648c2d0 .part L_0x565166487f00, 2, 1;
L_0x56516648bbe0 .part L_0x565166488eb0, 0, 1;
L_0x56516648c7b0 .part L_0x565166488eb0, 1, 1;
L_0x56516648cc10 .part L_0x565166488eb0, 2, 1;
L_0x56516648cd00 .part L_0x565166487f00, 3, 1;
L_0x56516648d0a0 .part L_0x565166488eb0, 0, 1;
L_0x56516648d190 .part L_0x565166488eb0, 1, 1;
L_0x56516648d400 .part L_0x565166488eb0, 2, 1;
L_0x56516648d4f0 .part L_0x565166488eb0, 3, 1;
L_0x56516648dad0 .part L_0x565166487f00, 0, 1;
L_0x56516648dcd0 .part L_0x565166488eb0, 3, 1;
L_0x56516648e140 .part L_0x565166488eb0, 2, 1;
L_0x56516648e230 .part L_0x56516648b530, 0, 1;
L_0x56516648e630 .part L_0x565166488eb0, 1, 1;
L_0x56516648e720 .part L_0x56516648b530, 1, 1;
L_0x56516648e9d0 .concat8 [ 1 1 1 1], L_0x56516648dbc0, L_0x56516648df60, L_0x56516648e520, L_0x56516648ebb0;
L_0x56516648edf0 .part L_0x565166488eb0, 0, 1;
L_0x56516648f0b0 .part L_0x56516648b530, 2, 1;
S_0x56516646cbc0 .scope module, "mux0" "MUX4X1" 2 535, 2 50 0, S_0x56516642dda0;
 .timescale -9 -9;
    .port_info 0 /OUTPUT 1 "f"
    .port_info 1 /INPUT 2 "s"
    .port_info 2 /INPUT 4 "b"
L_0x56516647f750/d .functor NOT 1, L_0x56516647f810, C4<0>, C4<0>, C4<0>;
L_0x56516647f750 .delay 1 (3,3,3) L_0x56516647f750/d;
L_0x56516647f8b0/d .functor NOT 1, L_0x56516647f970, C4<0>, C4<0>, C4<0>;
L_0x56516647f8b0 .delay 1 (3,3,3) L_0x56516647f8b0/d;
L_0x56516647fa10/d .functor AND 1, L_0x56516647fbc0, L_0x56516647f750, L_0x56516647f8b0, C4<1>;
L_0x56516647fa10 .delay 1 (7,7,7) L_0x56516647fa10/d;
L_0x56516647fcb0/d .functor AND 1, L_0x56516647fdf0, L_0x56516647ff60, L_0x56516647f750, C4<1>;
L_0x56516647fcb0 .delay 1 (7,7,7) L_0x56516647fcb0/d;
L_0x565166480050/d .functor AND 1, L_0x565166480190, L_0x5651664802c0, L_0x56516647f8b0, C4<1>;
L_0x565166480050 .delay 1 (7,7,7) L_0x565166480050/d;
L_0x565166480590/d .functor AND 1, L_0x565166480800, L_0x5651664808f0, L_0x5651664809f0, C4<1>;
L_0x565166480590 .delay 1 (7,7,7) L_0x565166480590/d;
L_0x565166480a90/d .functor OR 1, L_0x565166480c00, L_0x565166480db0, L_0x565166480ea0, L_0x5651664810a0;
L_0x565166480a90 .delay 1 (7,7,7) L_0x565166480a90/d;
v0x56516646cdb0_0 .net *"_s10", 0 0, L_0x56516647fbc0;  1 drivers
v0x56516646ceb0_0 .net *"_s12", 0 0, L_0x56516647fcb0;  1 drivers
v0x56516646cf90_0 .net *"_s15", 0 0, L_0x56516647fdf0;  1 drivers
v0x56516646d050_0 .net *"_s17", 0 0, L_0x56516647ff60;  1 drivers
v0x56516646d130_0 .net *"_s19", 0 0, L_0x565166480050;  1 drivers
v0x56516646d260_0 .net *"_s2", 0 0, L_0x56516647f810;  1 drivers
v0x56516646d340_0 .net *"_s22", 0 0, L_0x565166480190;  1 drivers
v0x56516646d420_0 .net *"_s24", 0 0, L_0x5651664802c0;  1 drivers
v0x56516646d500_0 .net *"_s26", 0 0, L_0x565166480590;  1 drivers
v0x56516646d5e0_0 .net *"_s30", 0 0, L_0x565166480800;  1 drivers
v0x56516646d6c0_0 .net *"_s32", 0 0, L_0x5651664808f0;  1 drivers
v0x56516646d7a0_0 .net *"_s34", 0 0, L_0x5651664809f0;  1 drivers
v0x56516646d880_0 .net *"_s37", 0 0, L_0x565166480c00;  1 drivers
v0x56516646d960_0 .net *"_s39", 0 0, L_0x565166480db0;  1 drivers
v0x56516646da40_0 .net *"_s41", 0 0, L_0x565166480ea0;  1 drivers
v0x56516646db20_0 .net *"_s43", 0 0, L_0x5651664810a0;  1 drivers
v0x56516646dc00_0 .net *"_s5", 0 0, L_0x56516647f970;  1 drivers
v0x56516646dce0_0 .net *"_s7", 0 0, L_0x56516647fa10;  1 drivers
v0x56516646ddc0_0 .net "b", 0 3, L_0x5651664813b0;  1 drivers
v0x56516646dea0_0 .net "f", 0 0, L_0x565166480a90;  1 drivers
v0x56516646df60_0 .net "ns0", 0 0, L_0x56516647f8b0;  1 drivers
v0x56516646e020_0 .net "ns1", 0 0, L_0x56516647f750;  1 drivers
v0x56516646e0e0_0 .net "s", 1 0, o0x7fc07d6f1c78;  alias, 0 drivers
v0x56516646e1c0_0 .net "w", 0 3, L_0x5651664803b0;  1 drivers
L_0x56516647f810 .part o0x7fc07d6f1c78, 1, 1;
L_0x56516647f970 .part o0x7fc07d6f1c78, 0, 1;
L_0x56516647fbc0 .part L_0x5651664813b0, 3, 1;
L_0x56516647fdf0 .part L_0x5651664813b0, 2, 1;
L_0x56516647ff60 .part o0x7fc07d6f1c78, 0, 1;
L_0x565166480190 .part L_0x5651664813b0, 1, 1;
L_0x5651664802c0 .part o0x7fc07d6f1c78, 1, 1;
L_0x5651664803b0 .concat8 [ 1 1 1 1], L_0x565166480590, L_0x565166480050, L_0x56516647fcb0, L_0x56516647fa10;
L_0x565166480800 .part L_0x5651664813b0, 0, 1;
L_0x5651664808f0 .part o0x7fc07d6f1c78, 1, 1;
L_0x5651664809f0 .part o0x7fc07d6f1c78, 0, 1;
L_0x565166480c00 .part L_0x5651664803b0, 3, 1;
L_0x565166480db0 .part L_0x5651664803b0, 2, 1;
L_0x565166480ea0 .part L_0x5651664803b0, 1, 1;
L_0x5651664810a0 .part L_0x5651664803b0, 0, 1;
S_0x56516646e320 .scope module, "mux1" "MUX4X1" 2 536, 2 50 0, S_0x56516642dda0;
 .timescale -9 -9;
    .port_info 0 /OUTPUT 1 "f"
    .port_info 1 /INPUT 2 "s"
    .port_info 2 /INPUT 4 "b"
L_0x565166481540/d .functor NOT 1, L_0x565166481650, C4<0>, C4<0>, C4<0>;
L_0x565166481540 .delay 1 (3,3,3) L_0x565166481540/d;
L_0x565166481740/d .functor NOT 1, L_0x565166481850, C4<0>, C4<0>, C4<0>;
L_0x565166481740 .delay 1 (3,3,3) L_0x565166481740/d;
L_0x565166481940/d .functor AND 1, L_0x565166481b20, L_0x565166481540, L_0x565166481740, C4<1>;
L_0x565166481940 .delay 1 (7,7,7) L_0x565166481940/d;
L_0x565166481c10/d .functor AND 1, L_0x565166481db0, L_0x565166481f20, L_0x565166481540, C4<1>;
L_0x565166481c10 .delay 1 (7,7,7) L_0x565166481c10/d;
L_0x565166482010/d .functor AND 1, L_0x565166482150, L_0x565166482280, L_0x565166481740, C4<1>;
L_0x565166482010 .delay 1 (7,7,7) L_0x565166482010/d;
L_0x565166482550/d .functor AND 1, L_0x5651664826b0, L_0x565166482830, L_0x565166482930, C4<1>;
L_0x565166482550 .delay 1 (7,7,7) L_0x565166482550/d;
L_0x565166482be0/d .functor OR 1, L_0x565166482d50, L_0x565166482f00, L_0x565166482ff0, L_0x5651664831f0;
L_0x565166482be0 .delay 1 (7,7,7) L_0x565166482be0/d;
v0x56516646e4f0_0 .net *"_s10", 0 0, L_0x565166481b20;  1 drivers
v0x56516646e5d0_0 .net *"_s12", 0 0, L_0x565166481c10;  1 drivers
v0x56516646e6b0_0 .net *"_s15", 0 0, L_0x565166481db0;  1 drivers
v0x56516646e7a0_0 .net *"_s17", 0 0, L_0x565166481f20;  1 drivers
v0x56516646e880_0 .net *"_s19", 0 0, L_0x565166482010;  1 drivers
v0x56516646e9b0_0 .net *"_s2", 0 0, L_0x565166481650;  1 drivers
v0x56516646ea90_0 .net *"_s22", 0 0, L_0x565166482150;  1 drivers
v0x56516646eb70_0 .net *"_s24", 0 0, L_0x565166482280;  1 drivers
v0x56516646ec50_0 .net *"_s26", 0 0, L_0x565166482550;  1 drivers
v0x56516646ed30_0 .net *"_s30", 0 0, L_0x5651664826b0;  1 drivers
v0x56516646ee10_0 .net *"_s32", 0 0, L_0x565166482830;  1 drivers
v0x56516646eef0_0 .net *"_s34", 0 0, L_0x565166482930;  1 drivers
v0x56516646efd0_0 .net *"_s37", 0 0, L_0x565166482d50;  1 drivers
v0x56516646f0b0_0 .net *"_s39", 0 0, L_0x565166482f00;  1 drivers
v0x56516646f190_0 .net *"_s41", 0 0, L_0x565166482ff0;  1 drivers
v0x56516646f270_0 .net *"_s43", 0 0, L_0x5651664831f0;  1 drivers
v0x56516646f350_0 .net *"_s5", 0 0, L_0x565166481850;  1 drivers
v0x56516646f540_0 .net *"_s7", 0 0, L_0x565166481940;  1 drivers
v0x56516646f620_0 .net "b", 0 3, L_0x565166483490;  1 drivers
v0x56516646f700_0 .net "f", 0 0, L_0x565166482be0;  1 drivers
v0x56516646f7c0_0 .net "ns0", 0 0, L_0x565166481740;  1 drivers
v0x56516646f880_0 .net "ns1", 0 0, L_0x565166481540;  1 drivers
v0x56516646f940_0 .net "s", 1 0, o0x7fc07d6f1c78;  alias, 0 drivers
v0x56516646fa00_0 .net "w", 0 3, L_0x565166482370;  1 drivers
L_0x565166481650 .part o0x7fc07d6f1c78, 1, 1;
L_0x565166481850 .part o0x7fc07d6f1c78, 0, 1;
L_0x565166481b20 .part L_0x565166483490, 3, 1;
L_0x565166481db0 .part L_0x565166483490, 2, 1;
L_0x565166481f20 .part o0x7fc07d6f1c78, 0, 1;
L_0x565166482150 .part L_0x565166483490, 1, 1;
L_0x565166482280 .part o0x7fc07d6f1c78, 1, 1;
L_0x565166482370 .concat8 [ 1 1 1 1], L_0x565166482550, L_0x565166482010, L_0x565166481c10, L_0x565166481940;
L_0x5651664826b0 .part L_0x565166483490, 0, 1;
L_0x565166482830 .part o0x7fc07d6f1c78, 1, 1;
L_0x565166482930 .part o0x7fc07d6f1c78, 0, 1;
L_0x565166482d50 .part L_0x565166482370, 3, 1;
L_0x565166482f00 .part L_0x565166482370, 2, 1;
L_0x565166482ff0 .part L_0x565166482370, 1, 1;
L_0x5651664831f0 .part L_0x565166482370, 0, 1;
S_0x56516646fb40 .scope module, "mux2" "MUX4X1" 2 537, 2 50 0, S_0x56516642dda0;
 .timescale -9 -9;
    .port_info 0 /OUTPUT 1 "f"
    .port_info 1 /INPUT 2 "s"
    .port_info 2 /INPUT 4 "b"
L_0x5651664836b0/d .functor NOT 1, L_0x5651664837c0, C4<0>, C4<0>, C4<0>;
L_0x5651664836b0 .delay 1 (3,3,3) L_0x5651664836b0/d;
L_0x5651664838b0/d .functor NOT 1, L_0x5651664839c0, C4<0>, C4<0>, C4<0>;
L_0x5651664838b0 .delay 1 (3,3,3) L_0x5651664838b0/d;
L_0x565166483ab0/d .functor AND 1, L_0x565166483c60, L_0x5651664836b0, L_0x5651664838b0, C4<1>;
L_0x565166483ab0 .delay 1 (7,7,7) L_0x565166483ab0/d;
L_0x565166483d50/d .functor AND 1, L_0x565166483ef0, L_0x565166484060, L_0x5651664836b0, C4<1>;
L_0x565166483d50 .delay 1 (7,7,7) L_0x565166483d50/d;
L_0x565166484150/d .functor AND 1, L_0x565166484290, L_0x5651664843c0, L_0x5651664838b0, C4<1>;
L_0x565166484150 .delay 1 (7,7,7) L_0x565166484150/d;
L_0x565166484690/d .functor AND 1, L_0x5651664847f0, L_0x565166484970, L_0x565166484a10, C4<1>;
L_0x565166484690 .delay 1 (7,7,7) L_0x565166484690/d;
L_0x565166484ab0/d .functor OR 1, L_0x565166484c20, L_0x565166484dd0, L_0x565166484ec0, L_0x5651664850c0;
L_0x565166484ab0 .delay 1 (7,7,7) L_0x565166484ab0/d;
v0x56516646fd10_0 .net *"_s10", 0 0, L_0x565166483c60;  1 drivers
v0x56516646fe10_0 .net *"_s12", 0 0, L_0x565166483d50;  1 drivers
v0x56516646fef0_0 .net *"_s15", 0 0, L_0x565166483ef0;  1 drivers
v0x56516646ffe0_0 .net *"_s17", 0 0, L_0x565166484060;  1 drivers
v0x5651664700c0_0 .net *"_s19", 0 0, L_0x565166484150;  1 drivers
v0x5651664701f0_0 .net *"_s2", 0 0, L_0x5651664837c0;  1 drivers
v0x5651664702d0_0 .net *"_s22", 0 0, L_0x565166484290;  1 drivers
v0x5651664703b0_0 .net *"_s24", 0 0, L_0x5651664843c0;  1 drivers
v0x565166470490_0 .net *"_s26", 0 0, L_0x565166484690;  1 drivers
v0x565166470570_0 .net *"_s30", 0 0, L_0x5651664847f0;  1 drivers
v0x565166470650_0 .net *"_s32", 0 0, L_0x565166484970;  1 drivers
v0x565166470730_0 .net *"_s34", 0 0, L_0x565166484a10;  1 drivers
v0x565166470810_0 .net *"_s37", 0 0, L_0x565166484c20;  1 drivers
v0x5651664708f0_0 .net *"_s39", 0 0, L_0x565166484dd0;  1 drivers
v0x5651664709d0_0 .net *"_s41", 0 0, L_0x565166484ec0;  1 drivers
v0x565166470ab0_0 .net *"_s43", 0 0, L_0x5651664850c0;  1 drivers
v0x565166470b90_0 .net *"_s5", 0 0, L_0x5651664839c0;  1 drivers
v0x565166470d80_0 .net *"_s7", 0 0, L_0x565166483ab0;  1 drivers
v0x565166470e60_0 .net "b", 0 3, L_0x565166485340;  1 drivers
v0x565166470f40_0 .net "f", 0 0, L_0x565166484ab0;  1 drivers
v0x565166471000_0 .net "ns0", 0 0, L_0x5651664838b0;  1 drivers
v0x5651664710c0_0 .net "ns1", 0 0, L_0x5651664836b0;  1 drivers
v0x565166471180_0 .net "s", 1 0, o0x7fc07d6f1c78;  alias, 0 drivers
v0x565166471240_0 .net "w", 0 3, L_0x5651664844b0;  1 drivers
L_0x5651664837c0 .part o0x7fc07d6f1c78, 1, 1;
L_0x5651664839c0 .part o0x7fc07d6f1c78, 0, 1;
L_0x565166483c60 .part L_0x565166485340, 3, 1;
L_0x565166483ef0 .part L_0x565166485340, 2, 1;
L_0x565166484060 .part o0x7fc07d6f1c78, 0, 1;
L_0x565166484290 .part L_0x565166485340, 1, 1;
L_0x5651664843c0 .part o0x7fc07d6f1c78, 1, 1;
L_0x5651664844b0 .concat8 [ 1 1 1 1], L_0x565166484690, L_0x565166484150, L_0x565166483d50, L_0x565166483ab0;
L_0x5651664847f0 .part L_0x565166485340, 0, 1;
L_0x565166484970 .part o0x7fc07d6f1c78, 1, 1;
L_0x565166484a10 .part o0x7fc07d6f1c78, 0, 1;
L_0x565166484c20 .part L_0x5651664844b0, 3, 1;
L_0x565166484dd0 .part L_0x5651664844b0, 2, 1;
L_0x565166484ec0 .part L_0x5651664844b0, 1, 1;
L_0x5651664850c0 .part L_0x5651664844b0, 0, 1;
S_0x5651664713a0 .scope module, "mux3" "MUX4X1" 2 538, 2 50 0, S_0x56516642dda0;
 .timescale -9 -9;
    .port_info 0 /OUTPUT 1 "f"
    .port_info 1 /INPUT 2 "s"
    .port_info 2 /INPUT 4 "b"
L_0x565166485520/d .functor NOT 1, L_0x565166485630, C4<0>, C4<0>, C4<0>;
L_0x565166485520 .delay 1 (3,3,3) L_0x565166485520/d;
L_0x565166485720/d .functor NOT 1, L_0x565166485830, C4<0>, C4<0>, C4<0>;
L_0x565166485720 .delay 1 (3,3,3) L_0x565166485720/d;
L_0x565166485920/d .functor AND 1, L_0x565166485b00, L_0x565166485520, L_0x565166485720, C4<1>;
L_0x565166485920 .delay 1 (7,7,7) L_0x565166485920/d;
L_0x565166485bf0/d .functor AND 1, L_0x565166485d90, L_0x565166485f00, L_0x565166485520, C4<1>;
L_0x565166485bf0 .delay 1 (7,7,7) L_0x565166485bf0/d;
L_0x565166485ff0/d .functor AND 1, L_0x565166486130, L_0x565166486220, L_0x565166485720, C4<1>;
L_0x565166485ff0 .delay 1 (7,7,7) L_0x565166485ff0/d;
L_0x5651664864f0/d .functor AND 1, L_0x565166486650, L_0x5651664867d0, L_0x565166486870, C4<1>;
L_0x5651664864f0 .delay 1 (7,7,7) L_0x5651664864f0/d;
L_0x565166486910/d .functor OR 1, L_0x565166486a80, L_0x565166486c30, L_0x565166486d20, L_0x565166486f20;
L_0x565166486910 .delay 1 (7,7,7) L_0x565166486910/d;
v0x565166471610_0 .net *"_s10", 0 0, L_0x565166485b00;  1 drivers
v0x565166471710_0 .net *"_s12", 0 0, L_0x565166485bf0;  1 drivers
v0x5651664717f0_0 .net *"_s15", 0 0, L_0x565166485d90;  1 drivers
v0x5651664718b0_0 .net *"_s17", 0 0, L_0x565166485f00;  1 drivers
v0x565166471990_0 .net *"_s19", 0 0, L_0x565166485ff0;  1 drivers
v0x565166471ac0_0 .net *"_s2", 0 0, L_0x565166485630;  1 drivers
v0x565166471ba0_0 .net *"_s22", 0 0, L_0x565166486130;  1 drivers
v0x565166471c80_0 .net *"_s24", 0 0, L_0x565166486220;  1 drivers
v0x565166471d60_0 .net *"_s26", 0 0, L_0x5651664864f0;  1 drivers
v0x565166471e40_0 .net *"_s30", 0 0, L_0x565166486650;  1 drivers
v0x565166471f20_0 .net *"_s32", 0 0, L_0x5651664867d0;  1 drivers
v0x565166472000_0 .net *"_s34", 0 0, L_0x565166486870;  1 drivers
v0x5651664720e0_0 .net *"_s37", 0 0, L_0x565166486a80;  1 drivers
v0x5651664721c0_0 .net *"_s39", 0 0, L_0x565166486c30;  1 drivers
v0x5651664722a0_0 .net *"_s41", 0 0, L_0x565166486d20;  1 drivers
v0x565166472380_0 .net *"_s43", 0 0, L_0x565166486f20;  1 drivers
v0x565166472460_0 .net *"_s5", 0 0, L_0x565166485830;  1 drivers
v0x565166472650_0 .net *"_s7", 0 0, L_0x565166485920;  1 drivers
v0x565166472730_0 .net "b", 0 3, L_0x5651664873a0;  1 drivers
v0x565166472810_0 .net "f", 0 0, L_0x565166486910;  1 drivers
v0x5651664728d0_0 .net "ns0", 0 0, L_0x565166485720;  1 drivers
v0x565166472990_0 .net "ns1", 0 0, L_0x565166485520;  1 drivers
v0x565166472a50_0 .net "s", 1 0, o0x7fc07d6f1c78;  alias, 0 drivers
v0x565166472b10_0 .net "w", 0 3, L_0x565166486310;  1 drivers
L_0x565166485630 .part o0x7fc07d6f1c78, 1, 1;
L_0x565166485830 .part o0x7fc07d6f1c78, 0, 1;
L_0x565166485b00 .part L_0x5651664873a0, 3, 1;
L_0x565166485d90 .part L_0x5651664873a0, 2, 1;
L_0x565166485f00 .part o0x7fc07d6f1c78, 0, 1;
L_0x565166486130 .part L_0x5651664873a0, 1, 1;
L_0x565166486220 .part o0x7fc07d6f1c78, 1, 1;
L_0x565166486310 .concat8 [ 1 1 1 1], L_0x5651664864f0, L_0x565166485ff0, L_0x565166485bf0, L_0x565166485920;
L_0x565166486650 .part L_0x5651664873a0, 0, 1;
L_0x5651664867d0 .part o0x7fc07d6f1c78, 1, 1;
L_0x565166486870 .part o0x7fc07d6f1c78, 0, 1;
L_0x565166486a80 .part L_0x565166486310, 3, 1;
L_0x565166486c30 .part L_0x565166486310, 2, 1;
L_0x565166486d20 .part L_0x565166486310, 1, 1;
L_0x565166486f20 .part L_0x565166486310, 0, 1;
    .scope S_0x565166466560;
T_0 ;
    %pushi/vec4 0, 0, 32;
    %store/vec4 v0x565166466b10_0, 0, 32;
    %end;
    .thread T_0;
    .scope S_0x565166466560;
T_1 ;
    %wait E_0x565166441e30;
    %load/vec4 v0x565166466b10_0;
    %cmpi/e 2049, 0, 32;
    %jmp/0xz  T_1.0, 4;
    %vpi_call 2 436 "$finish" {0 0 0};
T_1.0 ;
    %load/vec4 v0x565166466b10_0;
    %pad/s 11;
    %split/vec4 2;
    %store/vec4 v0x565166466d80_0, 0, 2;
    %split/vec4 4;
    %store/vec4 v0x5651664668e0_0, 0, 4;
    %split/vec4 4;
    %store/vec4 v0x5651664667b0_0, 0, 4;
    %store/vec4 v0x5651664669a0_0, 0, 1;
    %load/vec4 v0x565166466b10_0;
    %addi 1, 0, 32;
    %store/vec4 v0x565166466b10_0, 0, 32;
    %load/vec4 v0x565166466d80_0;
    %load/vec4 v0x5651664669a0_0;
    %concat/vec4; draw_concat_vec4
    %dup/vec4;
    %pushi/vec4 0, 0, 3;
    %cmp/u;
    %jmp/1 T_1.2, 6;
    %dup/vec4;
    %pushi/vec4 1, 0, 3;
    %cmp/u;
    %jmp/1 T_1.3, 6;
    %dup/vec4;
    %pushi/vec4 2, 0, 3;
    %cmp/u;
    %jmp/1 T_1.4, 6;
    %dup/vec4;
    %pushi/vec4 3, 0, 3;
    %cmp/u;
    %jmp/1 T_1.5, 6;
    %dup/vec4;
    %pushi/vec4 4, 0, 3;
    %cmp/u;
    %jmp/1 T_1.6, 6;
    %dup/vec4;
    %pushi/vec4 5, 0, 3;
    %cmp/u;
    %jmp/1 T_1.7, 6;
    %dup/vec4;
    %pushi/vec4 6, 0, 3;
    %cmp/u;
    %jmp/1 T_1.8, 6;
    %dup/vec4;
    %pushi/vec4 7, 0, 3;
    %cmp/u;
    %jmp/1 T_1.9, 6;
    %jmp T_1.10;
T_1.2 ;
    %load/vec4 v0x5651664667b0_0;
    %load/vec4 v0x5651664668e0_0;
    %add;
    %store/vec4 v0x565166466ca0_0, 0, 4;
    %pushi/vec4 1, 1, 1;
    %store/vec4 v0x565166466c00_0, 0, 1;
    %jmp T_1.10;
T_1.3 ;
    %load/vec4 v0x5651664667b0_0;
    %load/vec4 v0x5651664668e0_0;
    %add;
    %addi 1, 0, 4;
    %store/vec4 v0x565166466ca0_0, 0, 4;
    %pushi/vec4 1, 1, 1;
    %store/vec4 v0x565166466c00_0, 0, 1;
    %jmp T_1.10;
T_1.4 ;
    %load/vec4 v0x5651664667b0_0;
    %load/vec4 v0x5651664668e0_0;
    %inv;
    %add;
    %store/vec4 v0x565166466ca0_0, 0, 4;
    %pushi/vec4 1, 1, 1;
    %store/vec4 v0x565166466c00_0, 0, 1;
    %jmp T_1.10;
T_1.5 ;
    %load/vec4 v0x5651664667b0_0;
    %load/vec4 v0x5651664668e0_0;
    %inv;
    %add;
    %addi 1, 0, 4;
    %store/vec4 v0x565166466ca0_0, 0, 4;
    %pushi/vec4 1, 1, 1;
    %store/vec4 v0x565166466c00_0, 0, 1;
    %jmp T_1.10;
T_1.6 ;
    %load/vec4 v0x5651664667b0_0;
    %store/vec4 v0x565166466ca0_0, 0, 4;
    %pushi/vec4 1, 1, 1;
    %store/vec4 v0x565166466c00_0, 0, 1;
    %jmp T_1.10;
T_1.7 ;
    %load/vec4 v0x5651664667b0_0;
    %addi 1, 0, 4;
    %store/vec4 v0x565166466ca0_0, 0, 4;
    %pushi/vec4 1, 1, 1;
    %store/vec4 v0x565166466c00_0, 0, 1;
    %jmp T_1.10;
T_1.8 ;
    %load/vec4 v0x5651664667b0_0;
    %subi 1, 0, 4;
    %store/vec4 v0x565166466ca0_0, 0, 4;
    %pushi/vec4 1, 1, 1;
    %store/vec4 v0x565166466c00_0, 0, 1;
    %jmp T_1.10;
T_1.9 ;
    %load/vec4 v0x5651664667b0_0;
    %store/vec4 v0x565166466ca0_0, 0, 4;
    %pushi/vec4 1, 1, 1;
    %store/vec4 v0x565166466c00_0, 0, 1;
    %jmp T_1.10;
T_1.10 ;
    %pop/vec4 1;
    %jmp T_1;
    .thread T_1;
    .scope S_0x5651664271e0;
T_2 ;
    %wait E_0x5651663e2c40;
    %load/vec4 v0x56516645b9e0_0;
    %load/vec4 v0x56516645bac0_0;
    %cmp/ne;
    %jmp/0xz  T_2.0, 4;
    %vpi_call 2 471 "$display", "ERROR" {0 0 0};
    %jmp T_2.1;
T_2.0 ;
    %vpi_call 2 475 "$display", "OK" {0 0 0};
T_2.1 ;
    %jmp T_2;
    .thread T_2;
    .scope S_0x56516640ee80;
T_3 ;
    %pushi/vec4 1, 0, 1;
    %store/vec4 v0x565166467240_0, 0, 1;
    %end;
    .thread T_3;
    .scope S_0x56516640ee80;
T_4 ;
    %delay 70, 0;
    %load/vec4 v0x565166467240_0;
    %inv;
    %store/vec4 v0x565166467240_0, 0, 1;
    %jmp T_4;
    .thread T_4;
# The file index is used to find the file name in the following table.
:file_names 3;
    "N/A";
    "<interactive>";
    "main.v";
