#! /usr/bin/vvp
:ivl_version "10.3 (stable)";
:ivl_delay_selection "TYPICAL";
:vpi_time_precision + 0;
:vpi_module "system";
:vpi_module "vhdl_sys";
:vpi_module "v2005_math";
:vpi_module "va_math";
S_0x55dbd7aaa0d0 .scope module, "TST_CLA" "TST_CLA" 2 2;
 .timescale 0 0;
v0x55dbd7b17940_0 .var "A", 3 0;
v0x55dbd7b17a20_0 .var "B", 3 0;
v0x55dbd7b17af0_0 .var "Cin", 0 0;
v0x55dbd7b17bf0_0 .net "Cout", 0 0, L_0x55dbd7b1de40;  1 drivers
v0x55dbd7b17cc0_0 .net "S", 3 0, L_0x55dbd7b1f0a0;  1 drivers
S_0x55dbd7aaa250 .scope module, "DUMMY" "CLA_ADDER" 2 11, 2 34 0, S_0x55dbd7aaa0d0;
 .timescale 0 0;
    .port_info 0 /OUTPUT 4 "S"
    .port_info 1 /OUTPUT 1 "Cout"
    .port_info 2 /INPUT 4 "A"
    .port_info 3 /INPUT 4 "B"
    .port_info 4 /INPUT 1 "Cin"
L_0x55dbd7af1b40/d .functor XOR 1, L_0x55dbd7b17e90, L_0x55dbd7b17fd0, C4<0>, C4<0>;
L_0x55dbd7af1b40 .delay 1 (11,11,11) L_0x55dbd7af1b40/d;
L_0x55dbd7af1bb0/d .functor XOR 1, L_0x55dbd7b181b0, L_0x55dbd7b182a0, C4<0>, C4<0>;
L_0x55dbd7af1bb0 .delay 1 (11,11,11) L_0x55dbd7af1bb0/d;
L_0x55dbd7b183c0/d .functor XOR 1, L_0x55dbd7b184d0, L_0x55dbd7b185c0, C4<0>, C4<0>;
L_0x55dbd7b183c0 .delay 1 (11,11,11) L_0x55dbd7b183c0/d;
L_0x55dbd7b187e0/d .functor XOR 1, L_0x55dbd7b18970, L_0x55dbd7b18ab0, C4<0>, C4<0>;
L_0x55dbd7b187e0 .delay 1 (11,11,11) L_0x55dbd7b187e0/d;
L_0x55dbd7b18ba0/d .functor AND 1, L_0x55dbd7b18cb0, L_0x55dbd7b18e00, C4<1>, C4<1>;
L_0x55dbd7b18ba0 .delay 1 (7,7,7) L_0x55dbd7b18ba0/d;
L_0x55dbd7b18ea0/d .functor AND 1, L_0x55dbd7b18ff0, L_0x55dbd7b19150, C4<1>, C4<1>;
L_0x55dbd7b18ea0 .delay 1 (7,7,7) L_0x55dbd7b18ea0/d;
L_0x55dbd7b19240/d .functor AND 1, L_0x55dbd7b19350, L_0x55dbd7b194c0, C4<1>, C4<1>;
L_0x55dbd7b19240 .delay 1 (7,7,7) L_0x55dbd7b19240/d;
L_0x55dbd7b190e0/d .functor AND 1, L_0x55dbd7b19a50, L_0x55dbd7b19b40, C4<1>, C4<1>;
L_0x55dbd7b190e0 .delay 1 (7,7,7) L_0x55dbd7b190e0/d;
L_0x55dbd7b19cd0/d .functor AND 1, L_0x55dbd7b19e30, v0x55dbd7b17af0_0, C4<1>, C4<1>;
L_0x55dbd7b19cd0 .delay 1 (7,7,7) L_0x55dbd7b19cd0/d;
L_0x55dbd7b19f70/d .functor OR 1, L_0x55dbd7b1a130, L_0x55dbd7b19cd0, C4<0>, C4<0>;
L_0x55dbd7b19f70 .delay 1 (7,7,7) L_0x55dbd7b19f70/d;
L_0x55dbd7b1a2d0/d .functor AND 1, L_0x55dbd7b19c30, L_0x55dbd7b1a430, C4<1>, C4<1>;
L_0x55dbd7b1a2d0 .delay 1 (7,7,7) L_0x55dbd7b1a2d0/d;
L_0x55dbd7b1a5e0/d .functor AND 1, L_0x55dbd7b1a760, L_0x55dbd7b1a850, v0x55dbd7b17af0_0, C4<1>;
L_0x55dbd7b1a5e0 .delay 1 (7,7,7) L_0x55dbd7b1a5e0/d;
L_0x55dbd7b1a9c0/d .functor OR 1, L_0x55dbd7b1a2d0, L_0x55dbd7b1a5e0, L_0x55dbd7b1ab70, C4<0>;
L_0x55dbd7b1a9c0 .delay 1 (7,7,7) L_0x55dbd7b1a9c0/d;
L_0x55dbd7b1ac60/d .functor AND 1, L_0x55dbd7b1ada0, L_0x55dbd7b1af70, C4<1>, C4<1>;
L_0x55dbd7b1ac60 .delay 1 (7,7,7) L_0x55dbd7b1ac60/d;
L_0x55dbd7b1a6f0/d .functor AND 1, L_0x55dbd7b1b190, L_0x55dbd7b1b370, L_0x55dbd7b1b460, C4<1>;
L_0x55dbd7b1a6f0 .delay 1 (7,7,7) L_0x55dbd7b1a6f0/d;
L_0x55dbd7b1b650/d .functor AND 1, L_0x55dbd7b1b910, L_0x55dbd7b1ba00, L_0x55dbd7b1bc00, v0x55dbd7b17af0_0;
L_0x55dbd7b1b650 .delay 1 (7,7,7) L_0x55dbd7b1b650/d;
L_0x55dbd7b1bf50/d .functor OR 1, L_0x55dbd7b1ac60, L_0x55dbd7b1a6f0, L_0x55dbd7b1b650, L_0x55dbd7b1c1a0;
L_0x55dbd7b1bf50 .delay 1 (7,7,7) L_0x55dbd7b1bf50/d;
L_0x55dbd7b1c290/d .functor AND 1, L_0x55dbd7b1c440, L_0x55dbd7b1c660, C4<1>, C4<1>;
L_0x55dbd7b1c290 .delay 1 (7,7,7) L_0x55dbd7b1c290/d;
L_0x55dbd7b1c750/d .functor AND 1, L_0x55dbd7b1c890, L_0x55dbd7b1cac0, L_0x55dbd7b1cbb0, C4<1>;
L_0x55dbd7b1c750 .delay 1 (7,7,7) L_0x55dbd7b1c750/d;
L_0x55dbd7b1cdf0/d .functor AND 1, L_0x55dbd7b1c3a0, L_0x55dbd7b1d090, L_0x55dbd7b1d2e0, L_0x55dbd7b1d3d0;
L_0x55dbd7b1cdf0 .delay 1 (7,7,7) L_0x55dbd7b1cdf0/d;
L_0x55dbd7b1d630/0/0 .functor AND 1, L_0x55dbd7b1d770, L_0x55dbd7b1d860, L_0x55dbd7b1dad0, L_0x55dbd7b1dbc0;
L_0x55dbd7b1d630/0/4 .functor AND 1, v0x55dbd7b17af0_0, C4<1>, C4<1>, C4<1>;
L_0x55dbd7b1d630/d .functor AND 1, L_0x55dbd7b1d630/0/0, L_0x55dbd7b1d630/0/4, C4<1>, C4<1>;
L_0x55dbd7b1d630 .delay 1 (7,7,7) L_0x55dbd7b1d630/d;
L_0x55dbd7b1de40/0/0 .functor OR 1, L_0x55dbd7b1c290, L_0x55dbd7b1c750, L_0x55dbd7b1cdf0, L_0x55dbd7b1d630;
L_0x55dbd7b1de40/0/4 .functor OR 1, L_0x55dbd7b1e1a0, C4<0>, C4<0>, C4<0>;
L_0x55dbd7b1de40/d .functor OR 1, L_0x55dbd7b1de40/0/0, L_0x55dbd7b1de40/0/4, C4<0>, C4<0>;
L_0x55dbd7b1de40 .delay 1 (7,7,7) L_0x55dbd7b1de40/d;
L_0x55dbd7b1e290/d .functor XOR 1, L_0x55dbd7b1e3a0, v0x55dbd7b17af0_0, C4<0>, C4<0>;
L_0x55dbd7b1e290 .delay 1 (11,11,11) L_0x55dbd7b1e290/d;
L_0x55dbd7b1e630/d .functor XOR 1, L_0x55dbd7b1e810, L_0x55dbd7b1e900, C4<0>, C4<0>;
L_0x55dbd7b1e630 .delay 1 (11,11,11) L_0x55dbd7b1e630/d;
L_0x55dbd7b1ebf0/d .functor XOR 1, L_0x55dbd7b1ed00, L_0x55dbd7b1edf0, C4<0>, C4<0>;
L_0x55dbd7b1ebf0 .delay 1 (11,11,11) L_0x55dbd7b1ebf0/d;
L_0x55dbd7b1f280/d .functor XOR 1, L_0x55dbd7b1f4c0, L_0x55dbd7b1f780, C4<0>, C4<0>;
L_0x55dbd7b1f280 .delay 1 (11,11,11) L_0x55dbd7b1f280/d;
v0x55dbd7adef40_0 .net "A", 3 0, v0x55dbd7b17940_0;  1 drivers
v0x55dbd7b12940_0 .net "B", 3 0, v0x55dbd7b17a20_0;  1 drivers
v0x55dbd7b12a20_0 .net "C", 3 1, L_0x55dbd7b1bcf0;  1 drivers
v0x55dbd7b12b10_0 .net "Cin", 0 0, v0x55dbd7b17af0_0;  1 drivers
v0x55dbd7b12bd0_0 .net "Cout", 0 0, L_0x55dbd7b1de40;  alias, 1 drivers
v0x55dbd7b12ce0_0 .net "G", 0 3, L_0x55dbd7b195b0;  1 drivers
v0x55dbd7b12dc0_0 .net "P", 0 3, L_0x55dbd7b186a0;  1 drivers
v0x55dbd7b12ea0_0 .net "S", 3 0, L_0x55dbd7b1f0a0;  alias, 1 drivers
v0x55dbd7b12f80_0 .net *"_s0", 0 0, L_0x55dbd7af1b40;  1 drivers
v0x55dbd7b13060_0 .net *"_s100", 0 0, L_0x55dbd7b1c3a0;  1 drivers
v0x55dbd7b13140_0 .net *"_s102", 0 0, L_0x55dbd7b1d090;  1 drivers
v0x55dbd7b13220_0 .net *"_s104", 0 0, L_0x55dbd7b1d2e0;  1 drivers
v0x55dbd7b13300_0 .net *"_s106", 0 0, L_0x55dbd7b1d3d0;  1 drivers
v0x55dbd7b133e0_0 .net *"_s108", 0 0, L_0x55dbd7b1d770;  1 drivers
v0x55dbd7b134c0_0 .net *"_s11", 0 0, L_0x55dbd7b182a0;  1 drivers
v0x55dbd7b135a0_0 .net *"_s110", 0 0, L_0x55dbd7b1d860;  1 drivers
v0x55dbd7b13680_0 .net *"_s112", 0 0, L_0x55dbd7b1dad0;  1 drivers
v0x55dbd7b13760_0 .net *"_s114", 0 0, L_0x55dbd7b1dbc0;  1 drivers
v0x55dbd7b13840_0 .net *"_s116", 0 0, L_0x55dbd7b1e1a0;  1 drivers
v0x55dbd7b13920_0 .net *"_s117", 0 0, L_0x55dbd7b1e290;  1 drivers
v0x55dbd7b13a00_0 .net *"_s12", 0 0, L_0x55dbd7b183c0;  1 drivers
v0x55dbd7b13ae0_0 .net *"_s120", 0 0, L_0x55dbd7b1e3a0;  1 drivers
v0x55dbd7b13bc0_0 .net *"_s121", 0 0, L_0x55dbd7b1e630;  1 drivers
v0x55dbd7b13ca0_0 .net *"_s124", 0 0, L_0x55dbd7b1e810;  1 drivers
v0x55dbd7b13d80_0 .net *"_s126", 0 0, L_0x55dbd7b1e900;  1 drivers
v0x55dbd7b13e60_0 .net *"_s127", 0 0, L_0x55dbd7b1ebf0;  1 drivers
v0x55dbd7b13f40_0 .net *"_s130", 0 0, L_0x55dbd7b1ed00;  1 drivers
v0x55dbd7b14020_0 .net *"_s132", 0 0, L_0x55dbd7b1edf0;  1 drivers
v0x55dbd7b14100_0 .net *"_s133", 0 0, L_0x55dbd7b1f280;  1 drivers
v0x55dbd7b141e0_0 .net *"_s137", 0 0, L_0x55dbd7b1f4c0;  1 drivers
v0x55dbd7b142c0_0 .net *"_s139", 0 0, L_0x55dbd7b1f780;  1 drivers
v0x55dbd7b143a0_0 .net *"_s15", 0 0, L_0x55dbd7b184d0;  1 drivers
v0x55dbd7b14480_0 .net *"_s17", 0 0, L_0x55dbd7b185c0;  1 drivers
v0x55dbd7b14770_0 .net *"_s18", 0 0, L_0x55dbd7b187e0;  1 drivers
v0x55dbd7b14850_0 .net *"_s22", 0 0, L_0x55dbd7b18970;  1 drivers
v0x55dbd7b14930_0 .net *"_s24", 0 0, L_0x55dbd7b18ab0;  1 drivers
v0x55dbd7b14a10_0 .net *"_s25", 0 0, L_0x55dbd7b18ba0;  1 drivers
v0x55dbd7b14af0_0 .net *"_s28", 0 0, L_0x55dbd7b18cb0;  1 drivers
v0x55dbd7b14bd0_0 .net *"_s3", 0 0, L_0x55dbd7b17e90;  1 drivers
v0x55dbd7b14cb0_0 .net *"_s30", 0 0, L_0x55dbd7b18e00;  1 drivers
v0x55dbd7b14d90_0 .net *"_s31", 0 0, L_0x55dbd7b18ea0;  1 drivers
v0x55dbd7b14e70_0 .net *"_s34", 0 0, L_0x55dbd7b18ff0;  1 drivers
v0x55dbd7b14f50_0 .net *"_s36", 0 0, L_0x55dbd7b19150;  1 drivers
v0x55dbd7b15030_0 .net *"_s37", 0 0, L_0x55dbd7b19240;  1 drivers
v0x55dbd7b15110_0 .net *"_s40", 0 0, L_0x55dbd7b19350;  1 drivers
v0x55dbd7b151f0_0 .net *"_s42", 0 0, L_0x55dbd7b194c0;  1 drivers
v0x55dbd7b152d0_0 .net *"_s43", 0 0, L_0x55dbd7b190e0;  1 drivers
v0x55dbd7b153b0_0 .net *"_s47", 0 0, L_0x55dbd7b19a50;  1 drivers
v0x55dbd7b15490_0 .net *"_s49", 0 0, L_0x55dbd7b19b40;  1 drivers
v0x55dbd7b15570_0 .net *"_s5", 0 0, L_0x55dbd7b17fd0;  1 drivers
v0x55dbd7b15650_0 .net *"_s51", 0 0, L_0x55dbd7b19e30;  1 drivers
v0x55dbd7b15730_0 .net *"_s52", 0 0, L_0x55dbd7b19f70;  1 drivers
v0x55dbd7b15810_0 .net *"_s55", 0 0, L_0x55dbd7b1a130;  1 drivers
v0x55dbd7b158f0_0 .net *"_s57", 0 0, L_0x55dbd7b19c30;  1 drivers
v0x55dbd7b159d0_0 .net *"_s59", 0 0, L_0x55dbd7b1a430;  1 drivers
v0x55dbd7b15ab0_0 .net *"_s6", 0 0, L_0x55dbd7af1bb0;  1 drivers
v0x55dbd7b15b90_0 .net *"_s61", 0 0, L_0x55dbd7b1a760;  1 drivers
v0x55dbd7b15c70_0 .net *"_s63", 0 0, L_0x55dbd7b1a850;  1 drivers
v0x55dbd7b15d50_0 .net *"_s64", 0 0, L_0x55dbd7b1a9c0;  1 drivers
v0x55dbd7b15e30_0 .net *"_s67", 0 0, L_0x55dbd7b1ab70;  1 drivers
v0x55dbd7b15f10_0 .net *"_s69", 0 0, L_0x55dbd7b1ada0;  1 drivers
v0x55dbd7b15ff0_0 .net *"_s71", 0 0, L_0x55dbd7b1af70;  1 drivers
v0x55dbd7b160d0_0 .net *"_s73", 0 0, L_0x55dbd7b1b190;  1 drivers
v0x55dbd7b161b0_0 .net *"_s75", 0 0, L_0x55dbd7b1b370;  1 drivers
v0x55dbd7b16290_0 .net *"_s77", 0 0, L_0x55dbd7b1b460;  1 drivers
v0x55dbd7b16780_0 .net *"_s79", 0 0, L_0x55dbd7b1b910;  1 drivers
v0x55dbd7b16860_0 .net *"_s81", 0 0, L_0x55dbd7b1ba00;  1 drivers
v0x55dbd7b16940_0 .net *"_s83", 0 0, L_0x55dbd7b1bc00;  1 drivers
v0x55dbd7b16a20_0 .net *"_s84", 0 0, L_0x55dbd7b1bf50;  1 drivers
v0x55dbd7b16b00_0 .net *"_s88", 0 0, L_0x55dbd7b1c1a0;  1 drivers
v0x55dbd7b16be0_0 .net *"_s9", 0 0, L_0x55dbd7b181b0;  1 drivers
v0x55dbd7b16cc0_0 .net *"_s90", 0 0, L_0x55dbd7b1c440;  1 drivers
v0x55dbd7b16da0_0 .net *"_s92", 0 0, L_0x55dbd7b1c660;  1 drivers
v0x55dbd7b16e80_0 .net *"_s94", 0 0, L_0x55dbd7b1c890;  1 drivers
v0x55dbd7b16f60_0 .net *"_s96", 0 0, L_0x55dbd7b1cac0;  1 drivers
v0x55dbd7b17040_0 .net *"_s98", 0 0, L_0x55dbd7b1cbb0;  1 drivers
v0x55dbd7b17120_0 .net "tmp1", 0 0, L_0x55dbd7b19cd0;  1 drivers
v0x55dbd7b171e0_0 .net "tmp10", 0 0, L_0x55dbd7b1d630;  1 drivers
v0x55dbd7b172a0_0 .net "tmp2", 0 0, L_0x55dbd7b1a2d0;  1 drivers
v0x55dbd7b17360_0 .net "tmp3", 0 0, L_0x55dbd7b1a5e0;  1 drivers
v0x55dbd7b17420_0 .net "tmp4", 0 0, L_0x55dbd7b1ac60;  1 drivers
v0x55dbd7b174e0_0 .net "tmp5", 0 0, L_0x55dbd7b1a6f0;  1 drivers
v0x55dbd7b175a0_0 .net "tmp6", 0 0, L_0x55dbd7b1b650;  1 drivers
v0x55dbd7b17660_0 .net "tmp7", 0 0, L_0x55dbd7b1c290;  1 drivers
v0x55dbd7b17720_0 .net "tmp8", 0 0, L_0x55dbd7b1c750;  1 drivers
v0x55dbd7b177e0_0 .net "tmp9", 0 0, L_0x55dbd7b1cdf0;  1 drivers
L_0x55dbd7b17e90 .part v0x55dbd7b17940_0, 0, 1;
L_0x55dbd7b17fd0 .part v0x55dbd7b17a20_0, 0, 1;
L_0x55dbd7b181b0 .part v0x55dbd7b17940_0, 1, 1;
L_0x55dbd7b182a0 .part v0x55dbd7b17a20_0, 1, 1;
L_0x55dbd7b184d0 .part v0x55dbd7b17940_0, 2, 1;
L_0x55dbd7b185c0 .part v0x55dbd7b17a20_0, 2, 1;
L_0x55dbd7b186a0 .concat8 [ 1 1 1 1], L_0x55dbd7b187e0, L_0x55dbd7b183c0, L_0x55dbd7af1bb0, L_0x55dbd7af1b40;
L_0x55dbd7b18970 .part v0x55dbd7b17940_0, 3, 1;
L_0x55dbd7b18ab0 .part v0x55dbd7b17a20_0, 3, 1;
L_0x55dbd7b18cb0 .part v0x55dbd7b17940_0, 0, 1;
L_0x55dbd7b18e00 .part v0x55dbd7b17a20_0, 0, 1;
L_0x55dbd7b18ff0 .part v0x55dbd7b17940_0, 1, 1;
L_0x55dbd7b19150 .part v0x55dbd7b17a20_0, 1, 1;
L_0x55dbd7b19350 .part v0x55dbd7b17940_0, 2, 1;
L_0x55dbd7b194c0 .part v0x55dbd7b17a20_0, 2, 1;
L_0x55dbd7b195b0 .concat8 [ 1 1 1 1], L_0x55dbd7b190e0, L_0x55dbd7b19240, L_0x55dbd7b18ea0, L_0x55dbd7b18ba0;
L_0x55dbd7b19a50 .part v0x55dbd7b17940_0, 3, 1;
L_0x55dbd7b19b40 .part v0x55dbd7b17a20_0, 3, 1;
L_0x55dbd7b19e30 .part L_0x55dbd7b186a0, 3, 1;
L_0x55dbd7b1a130 .part L_0x55dbd7b195b0, 3, 1;
L_0x55dbd7b19c30 .part L_0x55dbd7b186a0, 2, 1;
L_0x55dbd7b1a430 .part L_0x55dbd7b195b0, 3, 1;
L_0x55dbd7b1a760 .part L_0x55dbd7b186a0, 2, 1;
L_0x55dbd7b1a850 .part L_0x55dbd7b186a0, 3, 1;
L_0x55dbd7b1ab70 .part L_0x55dbd7b195b0, 2, 1;
L_0x55dbd7b1ada0 .part L_0x55dbd7b186a0, 1, 1;
L_0x55dbd7b1af70 .part L_0x55dbd7b195b0, 2, 1;
L_0x55dbd7b1b190 .part L_0x55dbd7b186a0, 1, 1;
L_0x55dbd7b1b370 .part L_0x55dbd7b186a0, 2, 1;
L_0x55dbd7b1b460 .part L_0x55dbd7b195b0, 3, 1;
L_0x55dbd7b1b910 .part L_0x55dbd7b186a0, 1, 1;
L_0x55dbd7b1ba00 .part L_0x55dbd7b186a0, 2, 1;
L_0x55dbd7b1bc00 .part L_0x55dbd7b186a0, 3, 1;
L_0x55dbd7b1bcf0 .concat8 [ 1 1 1 0], L_0x55dbd7b19f70, L_0x55dbd7b1a9c0, L_0x55dbd7b1bf50;
L_0x55dbd7b1c1a0 .part L_0x55dbd7b195b0, 1, 1;
L_0x55dbd7b1c440 .part L_0x55dbd7b186a0, 0, 1;
L_0x55dbd7b1c660 .part L_0x55dbd7b195b0, 1, 1;
L_0x55dbd7b1c890 .part L_0x55dbd7b186a0, 0, 1;
L_0x55dbd7b1cac0 .part L_0x55dbd7b186a0, 1, 1;
L_0x55dbd7b1cbb0 .part L_0x55dbd7b195b0, 2, 1;
L_0x55dbd7b1c3a0 .part L_0x55dbd7b186a0, 0, 1;
L_0x55dbd7b1d090 .part L_0x55dbd7b186a0, 1, 1;
L_0x55dbd7b1d2e0 .part L_0x55dbd7b186a0, 2, 1;
L_0x55dbd7b1d3d0 .part L_0x55dbd7b195b0, 3, 1;
L_0x55dbd7b1d770 .part L_0x55dbd7b186a0, 0, 1;
L_0x55dbd7b1d860 .part L_0x55dbd7b186a0, 1, 1;
L_0x55dbd7b1dad0 .part L_0x55dbd7b186a0, 2, 1;
L_0x55dbd7b1dbc0 .part L_0x55dbd7b186a0, 3, 1;
L_0x55dbd7b1e1a0 .part L_0x55dbd7b195b0, 0, 1;
L_0x55dbd7b1e3a0 .part L_0x55dbd7b186a0, 3, 1;
L_0x55dbd7b1e810 .part L_0x55dbd7b186a0, 2, 1;
L_0x55dbd7b1e900 .part L_0x55dbd7b1bcf0, 0, 1;
L_0x55dbd7b1ed00 .part L_0x55dbd7b186a0, 1, 1;
L_0x55dbd7b1edf0 .part L_0x55dbd7b1bcf0, 1, 1;
L_0x55dbd7b1f0a0 .concat8 [ 1 1 1 1], L_0x55dbd7b1e290, L_0x55dbd7b1e630, L_0x55dbd7b1ebf0, L_0x55dbd7b1f280;
L_0x55dbd7b1f4c0 .part L_0x55dbd7b186a0, 0, 1;
L_0x55dbd7b1f780 .part L_0x55dbd7b1bcf0, 2, 1;
    .scope S_0x55dbd7aaa0d0;
T_0 ;
    %vpi_call 2 14 "$display", "CLA TST BENCHMARK" {0 0 0};
    %delay 40, 0;
    %pushi/vec4 1, 0, 4;
    %store/vec4 v0x55dbd7b17a20_0, 0, 4;
    %delay 40, 0;
    %pushi/vec4 8, 0, 4;
    %store/vec4 v0x55dbd7b17a20_0, 0, 4;
    %delay 40, 0;
    %pushi/vec4 14, 0, 4;
    %store/vec4 v0x55dbd7b17940_0, 0, 4;
    %delay 40, 0;
    %pushi/vec4 2, 0, 4;
    %store/vec4 v0x55dbd7b17a20_0, 0, 4;
    %delay 40, 0;
    %pushi/vec4 1, 0, 1;
    %store/vec4 v0x55dbd7b17af0_0, 0, 1;
    %delay 40, 0;
    %pushi/vec4 15, 0, 4;
    %store/vec4 v0x55dbd7b17a20_0, 0, 4;
    %delay 40, 0;
    %pushi/vec4 8, 0, 4;
    %store/vec4 v0x55dbd7b17940_0, 0, 4;
    %end;
    .thread T_0;
    .scope S_0x55dbd7aaa0d0;
T_1 ;
    %delay 39, 0;
    %vpi_call 2 27 "$display", "Time %0d A = %b B = %b Cin = %b Cout = %b S = %b\012", $time, v0x55dbd7b17940_0, v0x55dbd7b17a20_0, v0x55dbd7b17af0_0, v0x55dbd7b17bf0_0, v0x55dbd7b17cc0_0 {0 0 0};
    %jmp T_1;
    .thread T_1;
    .scope S_0x55dbd7aaa0d0;
T_2 ;
    %delay 500, 0;
    %vpi_call 2 30 "$finish" {0 0 0};
    %jmp T_2;
    .thread T_2;
# The file index is used to find the file name in the following table.
:file_names 3;
    "N/A";
    "<interactive>";
    "tmp.v";
